{"numFailedTestSuites":3,"numFailedTests":10,"numPassedTestSuites":48,"numPassedTests":528,"numPendingTestSuites":0,"numPendingTests":0,"numRuntimeErrorTestSuites":0,"numTodoTests":0,"numTotalTestSuites":51,"numTotalTests":538,"openHandles":[],"snapshot":{"added":0,"didUpdate":false,"failure":false,"filesAdded":0,"filesRemoved":0,"filesRemovedList":[],"filesUnmatched":0,"filesUpdated":0,"matched":0,"total":0,"unchecked":0,"uncheckedKeysByFile":[],"unmatched":0,"updated":0},"startTime":1754460770611,"success":false,"testResults":[{"assertionResults":[{"ancestorTitles":["ApiClient","Factory Pattern"],"duration":313,"failureDetails":[],"failureMessages":[],"fullName":"ApiClient Factory Pattern USE_MOCKがtrueの場合、mockApiを返す","invocations":1,"location":null,"numPassingAsserts":1,"retryReasons":[],"status":"passed","title":"USE_MOCKがtrueの場合、mockApiを返す"},{"ancestorTitles":["ApiClient","Mock API Integration"],"duration":3,"failureDetails":[],"failureMessages":[],"fullName":"ApiClient Mock API Integration login メソッドが正常に動作する","invocations":1,"location":null,"numPassingAsserts":2,"retryReasons":[],"status":"passed","title":"login メソッドが正常に動作する"},{"ancestorTitles":["ApiClient","Mock API Integration"],"duration":2,"failureDetails":[],"failureMessages":[],"fullName":"ApiClient Mock API Integration getVitals メソッドが正常に動作する","invocations":1,"location":null,"numPassingAsserts":2,"retryReasons":[],"status":"passed","title":"getVitals メソッドが正常に動作する"},{"ancestorTitles":["ApiClient","Mock API Integration"],"duration":2,"failureDetails":[],"failureMessages":[],"fullName":"ApiClient Mock API Integration createVital メソッドが正常に動作する","invocations":1,"location":null,"numPassingAsserts":2,"retryReasons":[],"status":"passed","title":"createVital メソッドが正常に動作する"},{"ancestorTitles":["ApiClient","Mock API Integration"],"duration":2,"failureDetails":[],"failureMessages":[],"fullName":"ApiClient Mock API Integration updateProfile メソッドが正常に動作する","invocations":1,"location":null,"numPassingAsserts":2,"retryReasons":[],"status":"passed","title":"updateProfile メソッドが正常に動作する"},{"ancestorTitles":["ApiClient","Mock API Integration"],"duration":1,"failureDetails":[],"failureMessages":[],"fullName":"ApiClient Mock API Integration getRankings メソッドが正常に動作する","invocations":1,"location":null,"numPassingAsserts":2,"retryReasons":[],"status":"passed","title":"getRankings メソッドが正常に動作する"},{"ancestorTitles":["ApiClient","Mock API Integration"],"duration":2,"failureDetails":[],"failureMessages":[],"fullName":"ApiClient Mock API Integration uploadVitalsBatch メソッドが正常に動作する","invocations":1,"location":null,"numPassingAsserts":2,"retryReasons":[],"status":"passed","title":"uploadVitalsBatch メソッドが正常に動作する"},{"ancestorTitles":["ApiClient","Error Handling"],"duration":150,"failureDetails":[],"failureMessages":[],"fullName":"ApiClient Error Handling API呼び出しでエラーが発生した場合、エラーが伝播される","invocations":1,"location":null,"numPassingAsserts":1,"retryReasons":[],"status":"passed","title":"API呼び出しでエラーが発生した場合、エラーが伝播される"},{"ancestorTitles":["ApiClient","Error Handling"],"duration":3,"failureDetails":[],"failureMessages":[],"fullName":"ApiClient Error Handling 各メソッドでエラーハンドリングが適切に動作する","invocations":1,"location":null,"numPassingAsserts":6,"retryReasons":[],"status":"passed","title":"各メソッドでエラーハンドリングが適切に動作する"},{"ancestorTitles":["ApiClient","Method Coverage"],"duration":1,"failureDetails":[],"failureMessages":[],"fullName":"ApiClient Method Coverage 全ての認証メソッドが実装されている","invocations":1,"location":null,"numPassingAsserts":3,"retryReasons":[],"status":"passed","title":"全ての認証メソッドが実装されている"},{"ancestorTitles":["ApiClient","Method Coverage"],"duration":0,"failureDetails":[],"failureMessages":[],"fullName":"ApiClient Method Coverage 全てのユーザーメソッドが実装されている","invocations":1,"location":null,"numPassingAsserts":2,"retryReasons":[],"status":"passed","title":"全てのユーザーメソッドが実装されている"},{"ancestorTitles":["ApiClient","Method Coverage"],"duration":1,"failureDetails":[],"failureMessages":[],"fullName":"ApiClient Method Coverage 全てのバイタルデータメソッドが実装されている","invocations":1,"location":null,"numPassingAsserts":5,"retryReasons":[],"status":"passed","title":"全てのバイタルデータメソッドが実装されている"},{"ancestorTitles":["ApiClient","Method Coverage"],"duration":0,"failureDetails":[],"failureMessages":[],"fullName":"ApiClient Method Coverage 全ての通知メソッドが実装されている","invocations":1,"location":null,"numPassingAsserts":2,"retryReasons":[],"status":"passed","title":"全ての通知メソッドが実装されている"},{"ancestorTitles":["ApiClient","Method Coverage"],"duration":0,"failureDetails":[],"failureMessages":[],"fullName":"ApiClient Method Coverage 全てのデバイスメソッドが実装されている","invocations":1,"location":null,"numPassingAsserts":3,"retryReasons":[],"status":"passed","title":"全てのデバイスメソッドが実装されている"},{"ancestorTitles":["ApiClient","Method Coverage"],"duration":1,"failureDetails":[],"failureMessages":[],"fullName":"ApiClient Method Coverage 全ての同期メソッドが実装されている","invocations":1,"location":null,"numPassingAsserts":3,"retryReasons":[],"status":"passed","title":"全ての同期メソッドが実装されている"},{"ancestorTitles":["ApiClient","Method Coverage"],"duration":0,"failureDetails":[],"failureMessages":[],"fullName":"ApiClient Method Coverage 全ての移行メソッドが実装されている","invocations":1,"location":null,"numPassingAsserts":2,"retryReasons":[],"status":"passed","title":"全ての移行メソッドが実装されている"},{"ancestorTitles":["ApiClient","Method Coverage"],"duration":0,"failureDetails":[],"failureMessages":[],"fullName":"ApiClient Method Coverage 全てのランキングメソッドが実装されている","invocations":1,"location":null,"numPassingAsserts":1,"retryReasons":[],"status":"passed","title":"全てのランキングメソッドが実装されている"},{"ancestorTitles":["ApiClient","API Configuration"],"duration":2,"failureDetails":[],"failureMessages":[],"fullName":"ApiClient API Configuration API_CONFIGが正しく設定されている","invocations":1,"location":null,"numPassingAsserts":6,"retryReasons":[],"status":"passed","title":"API_CONFIGが正しく設定されている"},{"ancestorTitles":["ApiClient","API Configuration"],"duration":0,"failureDetails":[],"failureMessages":[],"fullName":"ApiClient API Configuration デフォルト設定が適切である","invocations":1,"location":null,"numPassingAsserts":3,"retryReasons":[],"status":"passed","title":"デフォルト設定が適切である"},{"ancestorTitles":["ApiClient","Method Parameters"],"duration":3,"failureDetails":[],"failureMessages":[],"fullName":"ApiClient Method Parameters パラメータ付きメソッドが正常に動作する","invocations":1,"location":null,"numPassingAsserts":9,"retryReasons":[],"status":"passed","title":"パラメータ付きメソッドが正常に動作する"}],"endTime":1754460801427,"message":"","name":"/mnt/c/Users/systena/hdb/HDBApp/__tests__/services/api/apiClient.test.ts","startTime":1754460786183,"status":"passed","summary":""},{"assertionResults":[{"ancestorTitles":["ErrorBoundary"],"duration":334,"failureDetails":[],"failureMessages":[],"fullName":"ErrorBoundary renders children when there is no error","invocations":1,"location":null,"numPassingAsserts":1,"retryReasons":[],"status":"passed","title":"renders children when there is no error"},{"ancestorTitles":["ErrorBoundary"],"duration":627,"failureDetails":[],"failureMessages":[],"fullName":"ErrorBoundary renders error UI when there is an error","invocations":1,"location":null,"numPassingAsserts":4,"retryReasons":[],"status":"passed","title":"renders error UI when there is an error"},{"ancestorTitles":["ErrorBoundary"],"duration":49,"failureDetails":[],"failureMessages":[],"fullName":"ErrorBoundary resets error state when reload button is pressed","invocations":1,"location":null,"numPassingAsserts":2,"retryReasons":[],"status":"passed","title":"resets error state when reload button is pressed"},{"ancestorTitles":["ErrorBoundary"],"duration":8,"failureDetails":[],"failureMessages":[],"fullName":"ErrorBoundary logs error to console","invocations":1,"location":null,"numPassingAsserts":1,"retryReasons":[],"status":"passed","title":"logs error to console"},{"ancestorTitles":["handleApiError"],"duration":1,"failureDetails":[],"failureMessages":[],"fullName":"handleApiError handles TimeoutError","invocations":1,"location":null,"numPassingAsserts":1,"retryReasons":[],"status":"passed","title":"handles TimeoutError"},{"ancestorTitles":["handleApiError"],"duration":0,"failureDetails":[],"failureMessages":[],"fullName":"handleApiError handles NetworkError with message","invocations":1,"location":null,"numPassingAsserts":1,"retryReasons":[],"status":"passed","title":"handles NetworkError with message"},{"ancestorTitles":["handleApiError"],"duration":1,"failureDetails":[],"failureMessages":[],"fullName":"handleApiError handles NetworkError without message","invocations":1,"location":null,"numPassingAsserts":1,"retryReasons":[],"status":"passed","title":"handles NetworkError without message"},{"ancestorTitles":["handleApiError"],"duration":0,"failureDetails":[],"failureMessages":[],"fullName":"handleApiError handles 400 status code","invocations":1,"location":null,"numPassingAsserts":1,"retryReasons":[],"status":"passed","title":"handles 400 status code"},{"ancestorTitles":["handleApiError"],"duration":1,"failureDetails":[],"failureMessages":[],"fullName":"handleApiError handles 401 status code","invocations":1,"location":null,"numPassingAsserts":1,"retryReasons":[],"status":"passed","title":"handles 401 status code"},{"ancestorTitles":["handleApiError"],"duration":0,"failureDetails":[],"failureMessages":[],"fullName":"handleApiError handles 403 status code","invocations":1,"location":null,"numPassingAsserts":1,"retryReasons":[],"status":"passed","title":"handles 403 status code"},{"ancestorTitles":["handleApiError"],"duration":0,"failureDetails":[],"failureMessages":[],"fullName":"handleApiError handles 404 status code","invocations":1,"location":null,"numPassingAsserts":1,"retryReasons":[],"status":"passed","title":"handles 404 status code"},{"ancestorTitles":["handleApiError"],"duration":1,"failureDetails":[],"failureMessages":[],"fullName":"handleApiError handles 500 status code","invocations":1,"location":null,"numPassingAsserts":1,"retryReasons":[],"status":"passed","title":"handles 500 status code"},{"ancestorTitles":["handleApiError"],"duration":0,"failureDetails":[],"failureMessages":[],"fullName":"handleApiError handles unknown status codes","invocations":1,"location":null,"numPassingAsserts":1,"retryReasons":[],"status":"passed","title":"handles unknown status codes"},{"ancestorTitles":["handleApiError"],"duration":0,"failureDetails":[],"failureMessages":[],"fullName":"handleApiError handles network errors","invocations":1,"location":null,"numPassingAsserts":1,"retryReasons":[],"status":"passed","title":"handles network errors"},{"ancestorTitles":["handleApiError"],"duration":0,"failureDetails":[],"failureMessages":[],"fullName":"handleApiError handles other errors","invocations":1,"location":null,"numPassingAsserts":1,"retryReasons":[],"status":"passed","title":"handles other errors"},{"ancestorTitles":["handleApiError"],"duration":1,"failureDetails":[],"failureMessages":[],"fullName":"handleApiError prioritizes TimeoutError over response errors","invocations":1,"location":null,"numPassingAsserts":1,"retryReasons":[],"status":"passed","title":"prioritizes TimeoutError over response errors"},{"ancestorTitles":["handleApiError"],"duration":0,"failureDetails":[],"failureMessages":[],"fullName":"handleApiError prioritizes NetworkError over request errors","invocations":1,"location":null,"numPassingAsserts":1,"retryReasons":[],"status":"passed","title":"prioritizes NetworkError over request errors"}],"endTime":1754460805063,"message":"","name":"/mnt/c/Users/systena/hdb/HDBApp/__tests__/utils/ErrorHandler.test.tsx","startTime":1754460782827,"status":"passed","summary":""},{"assertionResults":[{"ancestorTitles":["LinkedServicesSettingsScreen"],"duration":173,"failureDetails":[],"failureMessages":[],"fullName":"LinkedServicesSettingsScreen renders correctly with main components","invocations":1,"location":null,"numPassingAsserts":5,"retryReasons":[],"status":"passed","title":"renders correctly with main components"},{"ancestorTitles":["LinkedServicesSettingsScreen"],"duration":6,"failureDetails":[],"failureMessages":[],"fullName":"LinkedServicesSettingsScreen displays HealthKit option on iOS","invocations":1,"location":null,"numPassingAsserts":3,"retryReasons":[],"status":"passed","title":"displays HealthKit option on iOS"},{"ancestorTitles":["LinkedServicesSettingsScreen"],"duration":5,"failureDetails":[],"failureMessages":[],"fullName":"LinkedServicesSettingsScreen displays new app integration option","invocations":1,"location":null,"numPassingAsserts":3,"retryReasons":[],"status":"passed","title":"displays new app integration option"},{"ancestorTitles":["LinkedServicesSettingsScreen"],"duration":57,"failureDetails":[],"failureMessages":[],"fullName":"LinkedServicesSettingsScreen loads saved settings on mount","invocations":1,"location":null,"numPassingAsserts":2,"retryReasons":[],"status":"passed","title":"loads saved settings on mount"},{"ancestorTitles":["LinkedServicesSettingsScreen"],"duration":8,"failureDetails":[],"failureMessages":[],"fullName":"LinkedServicesSettingsScreen toggles HealthKit setting","invocations":1,"location":null,"numPassingAsserts":3,"retryReasons":[],"status":"passed","title":"toggles HealthKit setting"},{"ancestorTitles":["LinkedServicesSettingsScreen"],"duration":7,"failureDetails":[],"failureMessages":[],"fullName":"LinkedServicesSettingsScreen toggles new app setting","invocations":1,"location":null,"numPassingAsserts":3,"retryReasons":[],"status":"passed","title":"toggles new app setting"},{"ancestorTitles":["LinkedServicesSettingsScreen"],"duration":55,"failureDetails":[],"failureMessages":[],"fullName":"LinkedServicesSettingsScreen handles sync button press","invocations":1,"location":null,"numPassingAsserts":5,"retryReasons":[],"status":"passed","title":"handles sync button press"},{"ancestorTitles":["LinkedServicesSettingsScreen"],"duration":55,"failureDetails":[],"failureMessages":[],"fullName":"LinkedServicesSettingsScreen handles sync error","invocations":1,"location":null,"numPassingAsserts":1,"retryReasons":[],"status":"passed","title":"handles sync error"},{"ancestorTitles":["LinkedServicesSettingsScreen"],"duration":5,"failureDetails":[],"failureMessages":[],"fullName":"LinkedServicesSettingsScreen displays help link","invocations":1,"location":null,"numPassingAsserts":2,"retryReasons":[],"status":"passed","title":"displays help link"},{"ancestorTitles":["LinkedServicesSettingsScreen"],"duration":7,"failureDetails":[],"failureMessages":[],"fullName":"LinkedServicesSettingsScreen displays notice about data duplication","invocations":1,"location":null,"numPassingAsserts":2,"retryReasons":[],"status":"passed","title":"displays notice about data duplication"}],"endTime":1754460805540,"message":"","name":"/mnt/c/Users/systena/hdb/HDBApp/__tests__/screens/LinkedServicesSettingsScreen.test.tsx","startTime":1754460785394,"status":"passed","summary":""},{"assertionResults":[{"ancestorTitles":["HomeScreen"],"duration":210,"failureDetails":[],"failureMessages":[],"fullName":"HomeScreen renders correctly","invocations":1,"location":null,"numPassingAsserts":3,"retryReasons":[],"status":"passed","title":"renders correctly"},{"ancestorTitles":["HomeScreen"],"duration":10,"failureDetails":[],"failureMessages":[],"fullName":"HomeScreen displays greeting and date","invocations":1,"location":null,"numPassingAsserts":3,"retryReasons":[],"status":"passed","title":"displays greeting and date"},{"ancestorTitles":["HomeScreen"],"duration":59,"failureDetails":[],"failureMessages":[],"fullName":"HomeScreen displays vital data cards after loading","invocations":1,"location":null,"numPassingAsserts":4,"retryReasons":[],"status":"passed","title":"displays vital data cards after loading"},{"ancestorTitles":["HomeScreen"],"duration":54,"failureDetails":[],"failureMessages":[],"fullName":"HomeScreen displays correct vital data values","invocations":1,"location":null,"numPassingAsserts":4,"retryReasons":[],"status":"passed","title":"displays correct vital data values"},{"ancestorTitles":["HomeScreen"],"duration":54,"failureDetails":[],"failureMessages":[],"fullName":"HomeScreen navigates to VitalData when card is pressed","invocations":1,"location":null,"numPassingAsserts":1,"retryReasons":[],"status":"passed","title":"navigates to VitalData when card is pressed"},{"ancestorTitles":["HomeScreen"],"duration":54,"failureDetails":[],"failureMessages":[],"fullName":"HomeScreen displays rankings after loading","invocations":1,"location":null,"numPassingAsserts":5,"retryReasons":[],"status":"passed","title":"displays rankings after loading"},{"ancestorTitles":["HomeScreen"],"duration":54,"failureDetails":[],"failureMessages":[],"fullName":"HomeScreen displays ranking names and steps","invocations":1,"location":null,"numPassingAsserts":2,"retryReasons":[],"status":"passed","title":"displays ranking names and steps"},{"ancestorTitles":["HomeScreen"],"duration":3,"failureDetails":[],"failureMessages":[],"fullName":"HomeScreen navigates to WebView when quick action is pressed","invocations":1,"location":null,"numPassingAsserts":1,"retryReasons":[],"status":"passed","title":"navigates to WebView when quick action is pressed"},{"ancestorTitles":["HomeScreen"],"duration":4,"failureDetails":[],"failureMessages":[],"fullName":"HomeScreen handles API error gracefully","invocations":1,"location":null,"numPassingAsserts":2,"retryReasons":[],"status":"passed","title":"handles API error gracefully"}],"endTime":1754460805664,"message":"","name":"/mnt/c/Users/systena/hdb/HDBApp/__tests__/screens/HomeScreen.test.tsx","startTime":1754460783414,"status":"passed","summary":""},{"assertionResults":[{"ancestorTitles":["データ永続化統合テスト","基本的なデータ永続化"],"duration":148,"failureDetails":[],"failureMessages":[],"fullName":"データ永続化統合テスト 基本的なデータ永続化 歩数データが永続化される","invocations":1,"location":null,"numPassingAsserts":6,"retryReasons":[],"status":"passed","title":"歩数データが永続化される"},{"ancestorTitles":["データ永続化統合テスト","基本的なデータ永続化"],"duration":15,"failureDetails":[],"failureMessages":[],"fullName":"データ永続化統合テスト 基本的なデータ永続化 複数のバイタルデータが永続化される","invocations":1,"location":null,"numPassingAsserts":9,"retryReasons":[],"status":"passed","title":"複数のバイタルデータが永続化される"},{"ancestorTitles":["データ永続化統合テスト","目標値の永続化"],"duration":1,"failureDetails":[],"failureMessages":[],"fullName":"データ永続化統合テスト 目標値の永続化 目標値が永続化される","invocations":1,"location":null,"numPassingAsserts":6,"retryReasons":[],"status":"passed","title":"目標値が永続化される"},{"ancestorTitles":["データ永続化統合テスト","VitalDataServiceを通じた永続化"],"duration":14,"failureDetails":[],"failureMessages":[],"fullName":"データ永続化統合テスト VitalDataServiceを通じた永続化 VitalDataServiceでのデータ永続化","invocations":1,"location":null,"numPassingAsserts":3,"retryReasons":[],"status":"passed","title":"VitalDataServiceでのデータ永続化"},{"ancestorTitles":["データ永続化統合テスト","VitalDataServiceを通じた永続化"],"duration":2,"failureDetails":[],"failureMessages":[],"fullName":"データ永続化統合テスト VitalDataServiceを通じた永続化 期間別データ取得の永続化","invocations":1,"location":null,"numPassingAsserts":1,"retryReasons":[],"status":"passed","title":"期間別データ取得の永続化"},{"ancestorTitles":["データ永続化統合テスト","データ操作の永続化"],"duration":2,"failureDetails":[],"failureMessages":[],"fullName":"データ永続化統合テスト データ操作の永続化 データ更新が永続化される","invocations":1,"location":null,"numPassingAsserts":1,"retryReasons":[],"status":"passed","title":"データ更新が永続化される"},{"ancestorTitles":["データ永続化統合テスト","データ操作の永続化"],"duration":1,"failureDetails":[],"failureMessages":[],"fullName":"データ永続化統合テスト データ操作の永続化 データ削除が永続化される","invocations":1,"location":null,"numPassingAsserts":2,"retryReasons":[],"status":"passed","title":"データ削除が永続化される"},{"ancestorTitles":["データ永続化統合テスト","エラー処理と復旧"],"duration":2,"failureDetails":[],"failureMessages":[],"fullName":"データ永続化統合テスト エラー処理と復旧 不正なデータでもデータベースが破損しない","invocations":1,"location":null,"numPassingAsserts":1,"retryReasons":[],"status":"passed","title":"不正なデータでもデータベースが破損しない"}],"endTime":1754460805831,"message":"","name":"/mnt/c/Users/systena/hdb/HDBApp/__tests__/integration/DataPersistence.test.ts","startTime":1754460801488,"status":"passed","summary":""},{"assertionResults":[{"ancestorTitles":["DatabaseTestScreen"],"duration":519,"failureDetails":[],"failureMessages":[],"fullName":"DatabaseTestScreen renders correctly with title and components","invocations":1,"location":null,"numPassingAsserts":3,"retryReasons":[],"status":"passed","title":"renders correctly with title and components"},{"ancestorTitles":["DatabaseTestScreen"],"duration":27,"failureDetails":[],"failureMessages":[],"fullName":"DatabaseTestScreen displays database operation buttons","invocations":1,"location":null,"numPassingAsserts":7,"retryReasons":[],"status":"passed","title":"displays database operation buttons"},{"ancestorTitles":["DatabaseTestScreen"],"duration":58,"failureDetails":[],"failureMessages":[],"fullName":"DatabaseTestScreen initializes service on mount","invocations":1,"location":null,"numPassingAsserts":4,"retryReasons":[],"status":"passed","title":"initializes service on mount"},{"ancestorTitles":["DatabaseTestScreen"],"duration":16,"failureDetails":[],"failureMessages":[],"fullName":"DatabaseTestScreen handles test value input change","invocations":1,"location":null,"numPassingAsserts":1,"retryReasons":[],"status":"passed","title":"handles test value input change"},{"ancestorTitles":["DatabaseTestScreen"],"duration":55,"failureDetails":[],"failureMessages":[],"fullName":"DatabaseTestScreen checks database status when button is pressed","invocations":1,"location":null,"numPassingAsserts":3,"retryReasons":[],"status":"passed","title":"checks database status when button is pressed"},{"ancestorTitles":["DatabaseTestScreen"],"duration":58,"failureDetails":[],"failureMessages":[],"fullName":"DatabaseTestScreen inserts test data when button is pressed","invocations":1,"location":null,"numPassingAsserts":4,"retryReasons":[],"status":"passed","title":"inserts test data when button is pressed"},{"ancestorTitles":["DatabaseTestScreen"],"duration":11,"failureDetails":[],"failureMessages":[],"fullName":"DatabaseTestScreen tests data persistence when button is pressed","invocations":1,"location":null,"numPassingAsserts":1,"retryReasons":[],"status":"passed","title":"tests data persistence when button is pressed"},{"ancestorTitles":["DatabaseTestScreen"],"duration":60,"failureDetails":[],"failureMessages":[],"fullName":"DatabaseTestScreen syncs health data when button is pressed","invocations":1,"location":null,"numPassingAsserts":6,"retryReasons":[],"status":"passed","title":"syncs health data when button is pressed"},{"ancestorTitles":["DatabaseTestScreen"],"duration":9,"failureDetails":[],"failureMessages":[],"fullName":"DatabaseTestScreen syncs to vital AWS when button is pressed","invocations":1,"location":null,"numPassingAsserts":1,"retryReasons":[],"status":"passed","title":"syncs to vital AWS when button is pressed"},{"ancestorTitles":["DatabaseTestScreen"],"duration":63,"failureDetails":[],"failureMessages":[],"fullName":"DatabaseTestScreen tests auto sync settings when button is pressed","invocations":1,"location":null,"numPassingAsserts":3,"retryReasons":[],"status":"passed","title":"tests auto sync settings when button is pressed"},{"ancestorTitles":["DatabaseTestScreen"],"duration":6,"failureDetails":[],"failureMessages":[],"fullName":"DatabaseTestScreen shows confirmation before clearing all data","invocations":1,"location":null,"numPassingAsserts":1,"retryReasons":[],"status":"passed","title":"shows confirmation before clearing all data"},{"ancestorTitles":["DatabaseTestScreen"],"duration":8,"failureDetails":[],"failureMessages":[],"fullName":"DatabaseTestScreen shows app restart simulation dialog","invocations":1,"location":null,"numPassingAsserts":1,"retryReasons":[],"status":"passed","title":"shows app restart simulation dialog"},{"ancestorTitles":["DatabaseTestScreen"],"duration":59,"failureDetails":[],"failureMessages":[],"fullName":"DatabaseTestScreen displays database status when available","invocations":1,"location":null,"numPassingAsserts":5,"retryReasons":[],"status":"passed","title":"displays database status when available"},{"ancestorTitles":["DatabaseTestScreen"],"duration":57,"failureDetails":[],"failureMessages":[],"fullName":"DatabaseTestScreen displays saved data when available","invocations":1,"location":null,"numPassingAsserts":5,"retryReasons":[],"status":"passed","title":"displays saved data when available"},{"ancestorTitles":["DatabaseTestScreen"],"duration":9,"failureDetails":[],"failureMessages":[],"fullName":"DatabaseTestScreen displays test log section","invocations":1,"location":null,"numPassingAsserts":1,"retryReasons":[],"status":"passed","title":"displays test log section"},{"ancestorTitles":["DatabaseTestScreen"],"duration":6,"failureDetails":[],"failureMessages":[],"fullName":"DatabaseTestScreen handles service initialization errors","invocations":1,"location":null,"numPassingAsserts":1,"retryReasons":[],"status":"passed","title":"handles service initialization errors"}],"endTime":1754460807785,"message":"","name":"/mnt/c/Users/systena/hdb/HDBApp/__tests__/screens/DatabaseTestScreen.test.tsx","startTime":1754460782831,"status":"passed","summary":""},{"assertionResults":[{"ancestorTitles":["Type Definitions","User"],"duration":2,"failureDetails":[],"failureMessages":[],"fullName":"Type Definitions User 正しい構造を持つ","invocations":1,"location":null,"numPassingAsserts":2,"retryReasons":[],"status":"passed","title":"正しい構造を持つ"},{"ancestorTitles":["Type Definitions","User"],"duration":1,"failureDetails":[],"failureMessages":[],"fullName":"Type Definitions User オプショナルフィールドを持つ","invocations":1,"location":null,"numPassingAsserts":7,"retryReasons":[],"status":"passed","title":"オプショナルフィールドを持つ"},{"ancestorTitles":["Type Definitions","VitalData"],"duration":2,"failureDetails":[],"failureMessages":[],"fullName":"Type Definitions VitalData 正しい構造を持つ","invocations":1,"location":null,"numPassingAsserts":6,"retryReasons":[],"status":"passed","title":"正しい構造を持つ"},{"ancestorTitles":["Type Definitions","VitalData"],"duration":1,"failureDetails":[],"failureMessages":[],"fullName":"Type Definitions VitalData 血圧データの構造を持つ","invocations":1,"location":null,"numPassingAsserts":3,"retryReasons":[],"status":"passed","title":"血圧データの構造を持つ"},{"ancestorTitles":["Type Definitions","VitalType"],"duration":4,"failureDetails":[],"failureMessages":[],"fullName":"Type Definitions VitalType 有効なバイタルタイプを含む","invocations":1,"location":null,"numPassingAsserts":6,"retryReasons":[],"status":"passed","title":"有効なバイタルタイプを含む"},{"ancestorTitles":["Type Definitions","BloodPressureValue"],"duration":1,"failureDetails":[],"failureMessages":[],"fullName":"Type Definitions BloodPressureValue 正しい構造を持つ","invocations":1,"location":null,"numPassingAsserts":2,"retryReasons":[],"status":"passed","title":"正しい構造を持つ"},{"ancestorTitles":["Type Definitions","UserProfile"],"duration":2,"failureDetails":[],"failureMessages":[],"fullName":"Type Definitions UserProfile 全てのフィールドがオプショナルである","invocations":1,"location":null,"numPassingAsserts":7,"retryReasons":[],"status":"passed","title":"全てのフィールドがオプショナルである"},{"ancestorTitles":["Type Definitions","UserProfile"],"duration":1,"failureDetails":[],"failureMessages":[],"fullName":"Type Definitions UserProfile genderフィールドが正しい値を持つ","invocations":1,"location":null,"numPassingAsserts":3,"retryReasons":[],"status":"passed","title":"genderフィールドが正しい値を持つ"},{"ancestorTitles":["Type Definitions","Notification"],"duration":2,"failureDetails":[],"failureMessages":[],"fullName":"Type Definitions Notification 正しい構造を持つ","invocations":1,"location":null,"numPassingAsserts":6,"retryReasons":[],"status":"passed","title":"正しい構造を持つ"},{"ancestorTitles":["Type Definitions","Notification"],"duration":1,"failureDetails":[],"failureMessages":[],"fullName":"Type Definitions Notification typeフィールドが正しい値を持つ","invocations":1,"location":null,"numPassingAsserts":4,"retryReasons":[],"status":"passed","title":"typeフィールドが正しい値を持つ"},{"ancestorTitles":["Type Definitions","AppSettings"],"duration":1,"failureDetails":[],"failureMessages":[],"fullName":"Type Definitions AppSettings 正しい構造を持つ","invocations":1,"location":null,"numPassingAsserts":9,"retryReasons":[],"status":"passed","title":"正しい構造を持つ"},{"ancestorTitles":["Type Definitions","AppError"],"duration":1,"failureDetails":[],"failureMessages":[],"fullName":"Type Definitions AppError 正しい構造を持つ","invocations":1,"location":null,"numPassingAsserts":3,"retryReasons":[],"status":"passed","title":"正しい構造を持つ"},{"ancestorTitles":["Type Definitions","AppError"],"duration":1,"failureDetails":[],"failureMessages":[],"fullName":"Type Definitions AppError オプショナルフィールドを持つ","invocations":1,"location":null,"numPassingAsserts":1,"retryReasons":[],"status":"passed","title":"オプショナルフィールドを持つ"},{"ancestorTitles":["Type Definitions","ApiResponse"],"duration":1,"failureDetails":[],"failureMessages":[],"fullName":"Type Definitions ApiResponse 成功レスポンスの構造を持つ","invocations":1,"location":null,"numPassingAsserts":3,"retryReasons":[],"status":"passed","title":"成功レスポンスの構造を持つ"},{"ancestorTitles":["Type Definitions","ApiResponse"],"duration":1,"failureDetails":[],"failureMessages":[],"fullName":"Type Definitions ApiResponse エラーレスポンスの構造を持つ","invocations":1,"location":null,"numPassingAsserts":3,"retryReasons":[],"status":"passed","title":"エラーレスポンスの構造を持つ"},{"ancestorTitles":["Type Definitions","LoginRequest"],"duration":1,"failureDetails":[],"failureMessages":[],"fullName":"Type Definitions LoginRequest 正しい構造を持つ","invocations":1,"location":null,"numPassingAsserts":2,"retryReasons":[],"status":"passed","title":"正しい構造を持つ"},{"ancestorTitles":["Type Definitions","LoginResponse"],"duration":2,"failureDetails":[],"failureMessages":[],"fullName":"Type Definitions LoginResponse 正しい構造を持つ","invocations":1,"location":null,"numPassingAsserts":3,"retryReasons":[],"status":"passed","title":"正しい構造を持つ"},{"ancestorTitles":["Type Definitions","Type Compatibility"],"duration":2,"failureDetails":[],"failureMessages":[],"fullName":"Type Definitions Type Compatibility VitalTypeがVitalDataのtypeと互換性がある","invocations":1,"location":null,"numPassingAsserts":6,"retryReasons":[],"status":"passed","title":"VitalTypeがVitalDataのtypeと互換性がある"},{"ancestorTitles":["Type Definitions","Type Compatibility"],"duration":2,"failureDetails":[],"failureMessages":[],"fullName":"Type Definitions Type Compatibility ApiResponseが異なる型で正しく動作する","invocations":1,"location":null,"numPassingAsserts":3,"retryReasons":[],"status":"passed","title":"ApiResponseが異なる型で正しく動作する"},{"ancestorTitles":["Type Definitions","Type Compatibility"],"duration":2,"failureDetails":[],"failureMessages":[],"fullName":"Type Definitions Type Compatibility sourceフィールドが正しい値を持つ","invocations":1,"location":null,"numPassingAsserts":3,"retryReasons":[],"status":"passed","title":"sourceフィールドが正しい値を持つ"}],"endTime":1754460808377,"message":"","name":"/mnt/c/Users/systena/hdb/HDBApp/__tests__/types/index.test.ts","startTime":1754460805214,"status":"passed","summary":""},{"assertionResults":[{"ancestorTitles":["WebViewScreen"],"duration":12,"failureDetails":[],"failureMessages":[],"fullName":"WebViewScreen renders correctly with loading state","invocations":1,"location":null,"numPassingAsserts":2,"retryReasons":[],"status":"passed","title":"renders correctly with loading state"},{"ancestorTitles":["WebViewScreen"],"duration":7,"failureDetails":[],"failureMessages":[],"fullName":"WebViewScreen displays WebView with correct URL","invocations":1,"location":null,"numPassingAsserts":2,"retryReasons":[],"status":"passed","title":"displays WebView with correct URL"},{"ancestorTitles":["WebViewScreen"],"duration":4,"failureDetails":[],"failureMessages":[],"fullName":"WebViewScreen sets navigation title correctly","invocations":1,"location":null,"numPassingAsserts":1,"retryReasons":[],"status":"passed","title":"sets navigation title correctly"},{"ancestorTitles":["WebViewScreen"],"duration":3,"failureDetails":[],"failureMessages":[],"fullName":"WebViewScreen sets default title when title is not provided","invocations":1,"location":null,"numPassingAsserts":1,"retryReasons":[],"status":"passed","title":"sets default title when title is not provided"},{"ancestorTitles":["WebViewScreen"],"duration":4,"failureDetails":[],"failureMessages":[],"fullName":"WebViewScreen displays loading indicator initially","invocations":1,"location":null,"numPassingAsserts":2,"retryReasons":[],"status":"passed","title":"displays loading indicator initially"},{"ancestorTitles":["WebViewScreen"],"duration":3,"failureDetails":[],"failureMessages":[],"fullName":"WebViewScreen renders WebView component","invocations":1,"location":null,"numPassingAsserts":1,"retryReasons":[],"status":"passed","title":"renders WebView component"},{"ancestorTitles":["WebViewScreen"],"duration":2,"failureDetails":[],"failureMessages":[],"fullName":"WebViewScreen handles URL parameter correctly","invocations":1,"location":null,"numPassingAsserts":1,"retryReasons":[],"status":"passed","title":"handles URL parameter correctly"},{"ancestorTitles":["WebViewScreen"],"duration":5,"failureDetails":[],"failureMessages":[],"fullName":"WebViewScreen handles missing URL parameter","invocations":1,"location":null,"numPassingAsserts":1,"retryReasons":[],"status":"passed","title":"handles missing URL parameter"},{"ancestorTitles":["WebViewScreen"],"duration":2,"failureDetails":[],"failureMessages":[],"fullName":"WebViewScreen renders SafeAreaView container","invocations":1,"location":null,"numPassingAsserts":1,"retryReasons":[],"status":"passed","title":"renders SafeAreaView container"},{"ancestorTitles":["WebViewScreen"],"duration":3,"failureDetails":[],"failureMessages":[],"fullName":"WebViewScreen handles component lifecycle correctly","invocations":1,"location":null,"numPassingAsserts":2,"retryReasons":[],"status":"passed","title":"handles component lifecycle correctly"}],"endTime":1754460813442,"message":"","name":"/mnt/c/Users/systena/hdb/HDBApp/__tests__/screens/WebViewScreen.test.tsx","startTime":1754460807848,"status":"passed","summary":""},{"assertionResults":[{"ancestorTitles":["NotificationHistoryScreen"],"duration":330,"failureDetails":[],"failureMessages":[],"fullName":"NotificationHistoryScreen renders correctly","invocations":1,"location":null,"numPassingAsserts":3,"retryReasons":[],"status":"passed","title":"renders correctly"},{"ancestorTitles":["NotificationHistoryScreen"],"duration":8,"failureDetails":[],"failureMessages":[],"fullName":"NotificationHistoryScreen shows loading state initially","invocations":1,"location":null,"numPassingAsserts":2,"retryReasons":[],"status":"passed","title":"shows loading state initially"},{"ancestorTitles":["NotificationHistoryScreen"],"duration":171,"failureDetails":[],"failureMessages":[],"fullName":"NotificationHistoryScreen displays notifications after loading","invocations":1,"location":null,"numPassingAsserts":3,"retryReasons":[],"status":"passed","title":"displays notifications after loading"},{"ancestorTitles":["NotificationHistoryScreen"],"duration":56,"failureDetails":[],"failureMessages":[],"fullName":"NotificationHistoryScreen displays notification type icons correctly","invocations":1,"location":null,"numPassingAsserts":4,"retryReasons":[],"status":"passed","title":"displays notification type icons correctly"},{"ancestorTitles":["NotificationHistoryScreen"],"duration":56,"failureDetails":[],"failureMessages":[],"fullName":"NotificationHistoryScreen displays notification content when data is available","invocations":1,"location":null,"numPassingAsserts":5,"retryReasons":[],"status":"passed","title":"displays notification content when data is available"},{"ancestorTitles":["NotificationHistoryScreen"],"duration":57,"failureDetails":[],"failureMessages":[],"fullName":"NotificationHistoryScreen formats timestamps in Japanese locale","invocations":1,"location":null,"numPassingAsserts":3,"retryReasons":[],"status":"passed","title":"formats timestamps in Japanese locale"},{"ancestorTitles":["NotificationHistoryScreen"],"duration":58,"failureDetails":[],"failureMessages":[],"fullName":"NotificationHistoryScreen shows unread badge for unread notifications","invocations":1,"location":null,"numPassingAsserts":2,"retryReasons":[],"status":"passed","title":"shows unread badge for unread notifications"},{"ancestorTitles":["NotificationHistoryScreen"],"duration":971,"failureDetails":[],"failureMessages":[],"fullName":"NotificationHistoryScreen marks notification as read when pressed","invocations":1,"location":null,"numPassingAsserts":5,"retryReasons":[],"status":"passed","title":"marks notification as read when pressed"},{"ancestorTitles":["NotificationHistoryScreen"],"duration":12,"failureDetails":[],"failureMessages":[],"fullName":"NotificationHistoryScreen handles refresh action","invocations":1,"location":null,"numPassingAsserts":2,"retryReasons":[],"status":"passed","title":"handles refresh action"},{"ancestorTitles":["NotificationHistoryScreen"],"duration":52,"failureDetails":[],"failureMessages":[],"fullName":"NotificationHistoryScreen shows empty state when no notifications","invocations":1,"location":null,"numPassingAsserts":1,"retryReasons":[],"status":"passed","title":"shows empty state when no notifications"},{"ancestorTitles":["NotificationHistoryScreen"],"duration":2,"failureDetails":[],"failureMessages":[],"fullName":"NotificationHistoryScreen handles API error gracefully","invocations":1,"location":null,"numPassingAsserts":2,"retryReasons":[],"status":"passed","title":"handles API error gracefully"}],"endTime":1754460813797,"message":"","name":"/mnt/c/Users/systena/hdb/HDBApp/__tests__/screens/NotificationHistoryScreen.test.tsx","startTime":1754460783412,"status":"passed","summary":""},{"assertionResults":[{"ancestorTitles":["MyPageScreen"],"duration":9,"failureDetails":[],"failureMessages":[],"fullName":"MyPageScreen renders correctly","invocations":1,"location":null,"numPassingAsserts":3,"retryReasons":[],"status":"passed","title":"renders correctly"},{"ancestorTitles":["MyPageScreen"],"duration":3,"failureDetails":[],"failureMessages":[],"fullName":"MyPageScreen shows loading state initially","invocations":1,"location":null,"numPassingAsserts":2,"retryReasons":[],"status":"passed","title":"shows loading state initially"},{"ancestorTitles":["MyPageScreen"],"duration":144,"failureDetails":[],"failureMessages":[],"fullName":"MyPageScreen displays user profile after loading","invocations":1,"location":null,"numPassingAsserts":5,"retryReasons":[],"status":"passed","title":"displays user profile after loading"},{"ancestorTitles":["MyPageScreen"],"duration":53,"failureDetails":[],"failureMessages":[],"fullName":"MyPageScreen displays profile information correctly","invocations":1,"location":null,"numPassingAsserts":3,"retryReasons":[],"status":"passed","title":"displays profile information correctly"},{"ancestorTitles":["MyPageScreen"],"duration":52,"failureDetails":[],"failureMessages":[],"fullName":"MyPageScreen opens edit modal when edit button is pressed","invocations":1,"location":null,"numPassingAsserts":1,"retryReasons":[],"status":"passed","title":"opens edit modal when edit button is pressed"},{"ancestorTitles":["MyPageScreen"],"duration":55,"failureDetails":[],"failureMessages":[],"fullName":"MyPageScreen closes edit modal when cancel is pressed","invocations":1,"location":null,"numPassingAsserts":2,"retryReasons":[],"status":"passed","title":"closes edit modal when cancel is pressed"},{"ancestorTitles":["MyPageScreen"],"duration":54,"failureDetails":[],"failureMessages":[],"fullName":"MyPageScreen saves profile changes when save is pressed","invocations":1,"location":null,"numPassingAsserts":1,"retryReasons":[],"status":"passed","title":"saves profile changes when save is pressed"},{"ancestorTitles":["MyPageScreen"],"duration":54,"failureDetails":[],"failureMessages":[],"fullName":"MyPageScreen displays goals section","invocations":1,"location":null,"numPassingAsserts":3,"retryReasons":[],"status":"passed","title":"displays goals section"},{"ancestorTitles":["MyPageScreen"],"duration":54,"failureDetails":[],"failureMessages":[],"fullName":"MyPageScreen handles API error gracefully","invocations":1,"location":null,"numPassingAsserts":2,"retryReasons":[],"status":"passed","title":"handles API error gracefully"}],"endTime":1754460814672,"message":"","name":"/mnt/c/Users/systena/hdb/HDBApp/__tests__/screens/MyPageScreen.test.tsx","startTime":1754460808432,"status":"passed","summary":""},{"assertionResults":[{"ancestorTitles":["NewVitalInputDialog"],"duration":6,"failureDetails":[],"failureMessages":[],"fullName":"NewVitalInputDialog renders correctly when visible","invocations":1,"location":null,"numPassingAsserts":1,"retryReasons":[],"status":"passed","title":"renders correctly when visible"},{"ancestorTitles":["NewVitalInputDialog"],"duration":5,"failureDetails":[],"failureMessages":[],"fullName":"NewVitalInputDialog does not render when not visible","invocations":1,"location":null,"numPassingAsserts":1,"retryReasons":[],"status":"passed","title":"does not render when not visible"},{"ancestorTitles":["NewVitalInputDialog"],"duration":6,"failureDetails":[],"failureMessages":[],"fullName":"NewVitalInputDialog calls onClose when the close button is pressed","invocations":1,"location":null,"numPassingAsserts":1,"retryReasons":[],"status":"passed","title":"calls onClose when the close button is pressed"},{"ancestorTitles":["NewVitalInputDialog"],"duration":73,"failureDetails":[],"failureMessages":[],"fullName":"NewVitalInputDialog calls onSuccess when the save button is pressed with valid data","invocations":1,"location":null,"numPassingAsserts":4,"retryReasons":[],"status":"passed","title":"calls onSuccess when the save button is pressed with valid data"},{"ancestorTitles":["NewVitalInputDialog"],"duration":12,"failureDetails":[],"failureMessages":[],"fullName":"NewVitalInputDialog shows error for invalid input","invocations":1,"location":null,"numPassingAsserts":3,"retryReasons":[],"status":"passed","title":"shows error for invalid input"}],"endTime":1754460818677,"message":"","name":"/mnt/c/Users/systena/hdb/HDBApp/__tests__/components/NewVitalInputDialog.test.tsx","startTime":1754460813484,"status":"passed","summary":""},{"assertionResults":[{"ancestorTitles":["GoalContext"],"duration":11,"failureDetails":[],"failureMessages":[],"fullName":"GoalContext provides initial default values","invocations":1,"location":null,"numPassingAsserts":4,"retryReasons":[],"status":"passed","title":"provides initial default values"},{"ancestorTitles":["GoalContext"],"duration":11,"failureDetails":[],"failureMessages":[],"fullName":"GoalContext updates isGoalSetting state correctly","invocations":1,"location":null,"numPassingAsserts":3,"retryReasons":[],"status":"passed","title":"updates isGoalSetting state correctly"},{"ancestorTitles":["GoalContext"],"duration":8,"failureDetails":[],"failureMessages":[],"fullName":"GoalContext updates hasCompletedGoal state correctly","invocations":1,"location":null,"numPassingAsserts":3,"retryReasons":[],"status":"passed","title":"updates hasCompletedGoal state correctly"},{"ancestorTitles":["GoalContext"],"duration":8,"failureDetails":[],"failureMessages":[],"fullName":"GoalContext updates goalAchievementDate state correctly","invocations":1,"location":null,"numPassingAsserts":2,"retryReasons":[],"status":"passed","title":"updates goalAchievementDate state correctly"},{"ancestorTitles":["GoalContext"],"duration":8,"failureDetails":[],"failureMessages":[],"fullName":"GoalContext updates showCelebrationDialog state correctly","invocations":1,"location":null,"numPassingAsserts":3,"retryReasons":[],"status":"passed","title":"updates showCelebrationDialog state correctly"},{"ancestorTitles":["GoalContext"],"duration":3,"failureDetails":[],"failureMessages":[],"fullName":"GoalContext checkGoalAchievement returns false when no achievement date is set","invocations":1,"location":null,"numPassingAsserts":1,"retryReasons":[],"status":"passed","title":"checkGoalAchievement returns false when no achievement date is set"},{"ancestorTitles":["GoalContext"],"duration":3,"failureDetails":[],"failureMessages":[],"fullName":"GoalContext checkGoalAchievement returns true when achievement date is 30 or more days ago","invocations":1,"location":null,"numPassingAsserts":1,"retryReasons":[],"status":"passed","title":"checkGoalAchievement returns true when achievement date is 30 or more days ago"},{"ancestorTitles":["GoalContext"],"duration":3,"failureDetails":[],"failureMessages":[],"fullName":"GoalContext checkGoalAchievement returns false when achievement date is less than 30 days ago","invocations":1,"location":null,"numPassingAsserts":1,"retryReasons":[],"status":"passed","title":"checkGoalAchievement returns false when achievement date is less than 30 days ago"},{"ancestorTitles":["GoalContext"],"duration":538,"failureDetails":[],"failureMessages":[],"fullName":"GoalContext throws error when useGoal is used outside of GoalProvider","invocations":1,"location":null,"numPassingAsserts":1,"retryReasons":[],"status":"passed","title":"throws error when useGoal is used outside of GoalProvider"},{"ancestorTitles":["GoalContext"],"duration":3,"failureDetails":[],"failureMessages":[],"fullName":"GoalContext allows setting goalAchievementDate to null","invocations":1,"location":null,"numPassingAsserts":2,"retryReasons":[],"status":"passed","title":"allows setting goalAchievementDate to null"}],"endTime":1754460819312,"message":"","name":"/mnt/c/Users/systena/hdb/HDBApp/__tests__/contexts/GoalContext.test.tsx","startTime":1754460813839,"status":"passed","summary":""},{"assertionResults":[{"ancestorTitles":["HomeScreen"],"duration":186,"failureDetails":[],"failureMessages":[],"fullName":"HomeScreen renders correctly","invocations":1,"location":null,"numPassingAsserts":3,"retryReasons":[],"status":"passed","title":"renders correctly"},{"ancestorTitles":["HomeScreen"],"duration":7,"failureDetails":[],"failureMessages":[],"fullName":"HomeScreen displays greeting and date","invocations":1,"location":null,"numPassingAsserts":3,"retryReasons":[],"status":"passed","title":"displays greeting and date"},{"ancestorTitles":["HomeScreen"],"duration":55,"failureDetails":[],"failureMessages":[],"fullName":"HomeScreen displays vital data cards after loading","invocations":1,"location":null,"numPassingAsserts":4,"retryReasons":[],"status":"passed","title":"displays vital data cards after loading"},{"ancestorTitles":["HomeScreen"],"duration":54,"failureDetails":[],"failureMessages":[],"fullName":"HomeScreen displays correct vital data values","invocations":1,"location":null,"numPassingAsserts":4,"retryReasons":[],"status":"passed","title":"displays correct vital data values"},{"ancestorTitles":["HomeScreen"],"duration":57,"failureDetails":[],"failureMessages":[],"fullName":"HomeScreen navigates to VitalData when card is pressed","invocations":1,"location":null,"numPassingAsserts":1,"retryReasons":[],"status":"passed","title":"navigates to VitalData when card is pressed"},{"ancestorTitles":["HomeScreen"],"duration":56,"failureDetails":[],"failureMessages":[],"fullName":"HomeScreen displays rankings after loading","invocations":1,"location":null,"numPassingAsserts":5,"retryReasons":[],"status":"passed","title":"displays rankings after loading"},{"ancestorTitles":["HomeScreen"],"duration":53,"failureDetails":[],"failureMessages":[],"fullName":"HomeScreen displays ranking names and steps","invocations":1,"location":null,"numPassingAsserts":2,"retryReasons":[],"status":"passed","title":"displays ranking names and steps"},{"ancestorTitles":["HomeScreen"],"duration":3,"failureDetails":[],"failureMessages":[],"fullName":"HomeScreen navigates to WebView when quick action is pressed","invocations":1,"location":null,"numPassingAsserts":1,"retryReasons":[],"status":"passed","title":"navigates to WebView when quick action is pressed"},{"ancestorTitles":["HomeScreen"],"duration":3,"failureDetails":[],"failureMessages":[],"fullName":"HomeScreen handles API error gracefully","invocations":1,"location":null,"numPassingAsserts":2,"retryReasons":[],"status":"passed","title":"handles API error gracefully"}],"endTime":1754460819692,"message":"","name":"/mnt/c/Users/systena/hdb/HDBApp/__tests__/templates/HomeScreen.template.test.tsx","startTime":1754460786247,"status":"passed","summary":""},{"assertionResults":[{"ancestorTitles":["VitalDataScreen"],"duration":302,"failureDetails":[],"failureMessages":[],"fullName":"VitalDataScreen displays loading state initially","invocations":1,"location":null,"numPassingAsserts":2,"retryReasons":[],"status":"passed","title":"displays loading state initially"},{"ancestorTitles":["VitalDataScreen"],"duration":10,"failureDetails":[],"failureMessages":[],"fullName":"VitalDataScreen renders correctly with title and basic elements","invocations":1,"location":null,"numPassingAsserts":1,"retryReasons":[],"status":"passed","title":"renders correctly with title and basic elements"},{"ancestorTitles":["VitalDataScreen"],"duration":58,"failureDetails":[],"failureMessages":[],"fullName":"VitalDataScreen displays vital data when available","invocations":1,"location":null,"numPassingAsserts":3,"retryReasons":[],"status":"passed","title":"displays vital data when available"},{"ancestorTitles":["VitalDataScreen"],"duration":54,"failureDetails":[],"failureMessages":[],"fullName":"VitalDataScreen displays empty state when no data","invocations":1,"location":null,"numPassingAsserts":1,"retryReasons":[],"status":"passed","title":"displays empty state when no data"},{"ancestorTitles":["VitalDataScreen"],"duration":54,"failureDetails":[],"failureMessages":[],"fullName":"VitalDataScreen displays chart when data is available","invocations":1,"location":null,"numPassingAsserts":2,"retryReasons":[],"status":"passed","title":"displays chart when data is available"},{"ancestorTitles":["VitalDataScreen"],"duration":56,"failureDetails":[],"failureMessages":[],"fullName":"VitalDataScreen handles delete button press","invocations":1,"location":null,"numPassingAsserts":3,"retryReasons":[],"status":"passed","title":"handles delete button press"},{"ancestorTitles":["VitalDataScreen"],"duration":2,"failureDetails":[],"failureMessages":[],"fullName":"VitalDataScreen handles API errors gracefully","invocations":1,"location":null,"numPassingAsserts":1,"retryReasons":[],"status":"passed","title":"handles API errors gracefully"},{"ancestorTitles":["VitalDataScreen"],"duration":4,"failureDetails":[],"failureMessages":[],"fullName":"VitalDataScreen calls all required service methods","invocations":1,"location":null,"numPassingAsserts":1,"retryReasons":[],"status":"passed","title":"calls all required service methods"},{"ancestorTitles":["VitalDataScreen"],"duration":8,"failureDetails":[],"failureMessages":[],"fullName":"VitalDataScreen handles different vital types correctly","invocations":1,"location":null,"numPassingAsserts":1,"retryReasons":[],"status":"passed","title":"handles different vital types correctly"},{"ancestorTitles":["VitalDataScreen"],"duration":3,"failureDetails":[],"failureMessages":[],"fullName":"VitalDataScreen displays filter buttons","invocations":1,"location":null,"numPassingAsserts":3,"retryReasons":[],"status":"passed","title":"displays filter buttons"},{"ancestorTitles":["VitalDataScreen"],"duration":5,"failureDetails":[],"failureMessages":[],"fullName":"VitalDataScreen handles filter button press","invocations":1,"location":null,"numPassingAsserts":2,"retryReasons":[],"status":"passed","title":"handles filter button press"}],"endTime":1754460819759,"message":"","name":"/mnt/c/Users/systena/hdb/HDBApp/__tests__/screens/VitalDataScreen.test.tsx","startTime":1754460787525,"status":"passed","summary":""},{"assertionResults":[{"ancestorTitles":["MockApiService - uploadVitalsBatch","uploadVitalsBatch"],"duration":1595,"failureDetails":[],"failureMessages":[],"fullName":"MockApiService - uploadVitalsBatch uploadVitalsBatch should upload vitals successfully when authenticated","invocations":1,"location":null,"numPassingAsserts":3,"retryReasons":[],"status":"passed","title":"should upload vitals successfully when authenticated"},{"ancestorTitles":["MockApiService - uploadVitalsBatch","uploadVitalsBatch"],"duration":1504,"failureDetails":[],"failureMessages":[],"fullName":"MockApiService - uploadVitalsBatch uploadVitalsBatch should fail when not authenticated","invocations":1,"location":null,"numPassingAsserts":2,"retryReasons":[],"status":"passed","title":"should fail when not authenticated"},{"ancestorTitles":["MockApiService - uploadVitalsBatch","uploadVitalsBatch"],"duration":1504,"failureDetails":[],"failureMessages":[],"fullName":"MockApiService - uploadVitalsBatch uploadVitalsBatch should process empty array","invocations":1,"location":null,"numPassingAsserts":4,"retryReasons":[],"status":"passed","title":"should process empty array"},{"ancestorTitles":["MockApiService - uploadVitalsBatch","uploadVitalsBatch"],"duration":1504,"failureDetails":[],"failureMessages":[],"fullName":"MockApiService - uploadVitalsBatch uploadVitalsBatch should add syncedAt timestamp to all uploaded vitals","invocations":1,"location":null,"numPassingAsserts":3,"retryReasons":[],"status":"passed","title":"should add syncedAt timestamp to all uploaded vitals"},{"ancestorTitles":["MockApiService - uploadVitalsBatch","uploadVitalsBatch"],"duration":1506,"failureDetails":[],"failureMessages":[],"fullName":"MockApiService - uploadVitalsBatch uploadVitalsBatch should handle large batch uploads","invocations":1,"location":null,"numPassingAsserts":3,"retryReasons":[],"status":"passed","title":"should handle large batch uploads"},{"ancestorTitles":["MockApiService - uploadVitalsBatch","uploadVitalsBatch"],"duration":1504,"failureDetails":[],"failureMessages":[],"fullName":"MockApiService - uploadVitalsBatch uploadVitalsBatch should preserve original vital data properties","invocations":1,"location":null,"numPassingAsserts":2,"retryReasons":[],"status":"passed","title":"should preserve original vital data properties"},{"ancestorTitles":["MockApiService - uploadVitalsBatch","uploadVitalsBatch"],"duration":1502,"failureDetails":[],"failureMessages":[],"fullName":"MockApiService - uploadVitalsBatch uploadVitalsBatch should simulate network delay","invocations":1,"location":null,"numPassingAsserts":1,"retryReasons":[],"status":"passed","title":"should simulate network delay"}],"endTime":1754460820130,"message":"","name":"/mnt/c/Users/systena/hdb/HDBApp/__tests__/services/api/mockApi.uploadVitalsBatch.test.ts","startTime":1754460805583,"status":"passed","summary":""},{"assertionResults":[{"ancestorTitles":["MockHealthPlatformService","getInstance"],"duration":3,"failureDetails":[],"failureMessages":[],"fullName":"MockHealthPlatformService getInstance should return singleton instance","invocations":1,"location":null,"numPassingAsserts":1,"retryReasons":[],"status":"passed","title":"should return singleton instance"},{"ancestorTitles":["MockHealthPlatformService","initialize"],"duration":2,"failureDetails":[],"failureMessages":[],"fullName":"MockHealthPlatformService initialize should load settings from AsyncStorage","invocations":1,"location":null,"numPassingAsserts":2,"retryReasons":[],"status":"passed","title":"should load settings from AsyncStorage"},{"ancestorTitles":["MockHealthPlatformService","platform availability"],"duration":1,"failureDetails":[],"failureMessages":[],"fullName":"MockHealthPlatformService platform availability should detect HealthKit availability on iOS","invocations":1,"location":null,"numPassingAsserts":2,"retryReasons":[],"status":"passed","title":"should detect HealthKit availability on iOS"},{"ancestorTitles":["MockHealthPlatformService","platform availability"],"duration":1,"failureDetails":[],"failureMessages":[],"fullName":"MockHealthPlatformService platform availability should detect Google Fit availability on Android","invocations":1,"location":null,"numPassingAsserts":2,"retryReasons":[],"status":"passed","title":"should detect Google Fit availability on Android"},{"ancestorTitles":["MockHealthPlatformService","permission requests"],"duration":2006,"failureDetails":[],"failureMessages":[],"fullName":"MockHealthPlatformService permission requests should grant HealthKit permission after delay","invocations":1,"location":null,"numPassingAsserts":2,"retryReasons":[],"status":"passed","title":"should grant HealthKit permission after delay"},{"ancestorTitles":["MockHealthPlatformService","permission requests"],"duration":2004,"failureDetails":[],"failureMessages":[],"fullName":"MockHealthPlatformService permission requests should grant Google Fit permission after delay","invocations":1,"location":null,"numPassingAsserts":2,"retryReasons":[],"status":"passed","title":"should grant Google Fit permission after delay"},{"ancestorTitles":["MockHealthPlatformService","settings management"],"duration":1,"failureDetails":[],"failureMessages":[],"fullName":"MockHealthPlatformService settings management should save HealthKit enabled state","invocations":1,"location":null,"numPassingAsserts":2,"retryReasons":[],"status":"passed","title":"should save HealthKit enabled state"},{"ancestorTitles":["MockHealthPlatformService","settings management"],"duration":0,"failureDetails":[],"failureMessages":[],"fullName":"MockHealthPlatformService settings management should save Google Fit enabled state","invocations":1,"location":null,"numPassingAsserts":2,"retryReasons":[],"status":"passed","title":"should save Google Fit enabled state"},{"ancestorTitles":["MockHealthPlatformService","fetchRecentHealthData"],"duration":1,"failureDetails":[],"failureMessages":[],"fullName":"MockHealthPlatformService fetchRecentHealthData should return empty array when disabled","invocations":1,"location":null,"numPassingAsserts":1,"retryReasons":[],"status":"passed","title":"should return empty array when disabled"},{"ancestorTitles":["MockHealthPlatformService","fetchRecentHealthData"],"duration":1004,"failureDetails":[],"failureMessages":[],"fullName":"MockHealthPlatformService fetchRecentHealthData should generate mock health data for enabled platform","invocations":1,"location":null,"numPassingAsserts":7,"retryReasons":[],"status":"passed","title":"should generate mock health data for enabled platform"},{"ancestorTitles":["MockHealthPlatformService","fetchRecentHealthData"],"duration":1003,"failureDetails":[],"failureMessages":[],"fullName":"MockHealthPlatformService fetchRecentHealthData should generate different data types","invocations":1,"location":null,"numPassingAsserts":5,"retryReasons":[],"status":"passed","title":"should generate different data types"},{"ancestorTitles":["MockHealthPlatformService","fetchRecentHealthData"],"duration":1003,"failureDetails":[],"failureMessages":[],"fullName":"MockHealthPlatformService fetchRecentHealthData should generate data for requested number of days","invocations":1,"location":null,"numPassingAsserts":1,"retryReasons":[],"status":"passed","title":"should generate data for requested number of days"},{"ancestorTitles":["MockHealthPlatformService","fetchHealthDataByType"],"duration":1004,"failureDetails":[],"failureMessages":[],"fullName":"MockHealthPlatformService fetchHealthDataByType should filter data by type","invocations":1,"location":null,"numPassingAsserts":2,"retryReasons":[],"status":"passed","title":"should filter data by type"},{"ancestorTitles":["MockHealthPlatformService","fetchHealthDataByType"],"duration":1003,"failureDetails":[],"failureMessages":[],"fullName":"MockHealthPlatformService fetchHealthDataByType should return empty array for unknown type","invocations":1,"location":null,"numPassingAsserts":1,"retryReasons":[],"status":"passed","title":"should return empty array for unknown type"},{"ancestorTitles":["MockHealthPlatformService","syncHealthData"],"duration":2008,"failureDetails":[],"failureMessages":[],"fullName":"MockHealthPlatformService syncHealthData should complete sync after delay","invocations":1,"location":null,"numPassingAsserts":1,"retryReasons":[],"status":"passed","title":"should complete sync after delay"}],"endTime":1754460820155,"message":"","name":"/mnt/c/Users/systena/hdb/HDBApp/__tests__/services/mockHealthPlatform.test.ts","startTime":1754460805889,"status":"passed","summary":""},{"assertionResults":[{"ancestorTitles":["ApiClient Timeout and Retry Tests","Timeout Handling"],"duration":38,"failureDetails":[],"failureMessages":[],"fullName":"ApiClient Timeout and Retry Tests Timeout Handling タイムアウト時にAbortErrorがスローされ、TimeoutErrorに変換される","invocations":1,"location":null,"numPassingAsserts":2,"retryReasons":[],"status":"passed","title":"タイムアウト時にAbortErrorがスローされ、TimeoutErrorに変換される"},{"ancestorTitles":["ApiClient Timeout and Retry Tests","Timeout Handling"],"duration":1,"failureDetails":[],"failureMessages":[],"fullName":"ApiClient Timeout and Retry Tests Timeout Handling 30秒のタイムアウトが正しく設定される","invocations":1,"location":null,"numPassingAsserts":2,"retryReasons":[],"status":"passed","title":"30秒のタイムアウトが正しく設定される"},{"ancestorTitles":["ApiClient Timeout and Retry Tests","Timeout Handling"],"duration":2,"failureDetails":[],"failureMessages":[],"fullName":"ApiClient Timeout and Retry Tests Timeout Handling タイムアウト後のリトライが正しく動作する","invocations":1,"location":null,"numPassingAsserts":4,"retryReasons":[],"status":"passed","title":"タイムアウト後のリトライが正しく動作する"},{"ancestorTitles":["ApiClient Timeout and Retry Tests","Timeout Handling"],"duration":1,"failureDetails":[],"failureMessages":[],"fullName":"ApiClient Timeout and Retry Tests Timeout Handling 3回リトライ後もタイムアウトの場合はエラーをスロー","invocations":1,"location":null,"numPassingAsserts":4,"retryReasons":[],"status":"passed","title":"3回リトライ後もタイムアウトの場合はエラーをスロー"},{"ancestorTitles":["ApiClient Timeout and Retry Tests","Network Error Handling"],"duration":1,"failureDetails":[],"failureMessages":[],"fullName":"ApiClient Timeout and Retry Tests Network Error Handling ネットワークエラー時にリトライが実行される","invocations":1,"location":null,"numPassingAsserts":4,"retryReasons":[],"status":"passed","title":"ネットワークエラー時にリトライが実行される"},{"ancestorTitles":["ApiClient Timeout and Retry Tests","Network Error Handling"],"duration":2,"failureDetails":[],"failureMessages":[],"fullName":"ApiClient Timeout and Retry Tests Network Error Handling ネットワークエラーのリトライで適切な待機時間が設定される","invocations":1,"location":null,"numPassingAsserts":2,"retryReasons":[],"status":"passed","title":"ネットワークエラーのリトライで適切な待機時間が設定される"},{"ancestorTitles":["ApiClient Timeout and Retry Tests","Network Error Handling"],"duration":2,"failureDetails":[],"failureMessages":[],"fullName":"ApiClient Timeout and Retry Tests Network Error Handling 3回リトライ後もネットワークエラーの場合は日本語エラーメッセージ","invocations":1,"location":null,"numPassingAsserts":3,"retryReasons":[],"status":"passed","title":"3回リトライ後もネットワークエラーの場合は日本語エラーメッセージ"},{"ancestorTitles":["ApiClient Timeout and Retry Tests","AbortController Integration"],"duration":1,"failureDetails":[],"failureMessages":[],"fullName":"ApiClient Timeout and Retry Tests AbortController Integration 成功したリクエストではタイムアウトがクリアされる","invocations":1,"location":null,"numPassingAsserts":1,"retryReasons":[],"status":"passed","title":"成功したリクエストではタイムアウトがクリアされる"},{"ancestorTitles":["ApiClient Timeout and Retry Tests","AbortController Integration"],"duration":2,"failureDetails":[],"failureMessages":[],"fullName":"ApiClient Timeout and Retry Tests AbortController Integration エラー時でもタイムアウトがクリアされる","invocations":1,"location":null,"numPassingAsserts":1,"retryReasons":[],"status":"passed","title":"エラー時でもタイムアウトがクリアされる"},{"ancestorTitles":["ApiClient Timeout and Retry Tests","AbortController Integration"],"duration":1,"failureDetails":[],"failureMessages":[],"fullName":"ApiClient Timeout and Retry Tests AbortController Integration AbortControllerのsignalがfetchに渡される","invocations":1,"location":null,"numPassingAsserts":1,"retryReasons":[],"status":"passed","title":"AbortControllerのsignalがfetchに渡される"},{"ancestorTitles":["ApiClient Timeout and Retry Tests","Other Error Types"],"duration":78,"failureDetails":[],"failureMessages":[],"fullName":"ApiClient Timeout and Retry Tests Other Error Types AbortError以外のエラーはそのままスローされる","invocations":1,"location":null,"numPassingAsserts":2,"retryReasons":[],"status":"passed","title":"AbortError以外のエラーはそのままスローされる"},{"ancestorTitles":["ApiClient Timeout and Retry Tests","Other Error Types"],"duration":2,"failureDetails":[],"failureMessages":[],"fullName":"ApiClient Timeout and Retry Tests Other Error Types APIレスポンスエラー（非200系）は適切に処理される","invocations":1,"location":null,"numPassingAsserts":2,"retryReasons":[],"status":"passed","title":"APIレスポンスエラー（非200系）は適切に処理される"},{"ancestorTitles":["ApiClient Timeout and Retry Tests","Other Error Types"],"duration":1,"failureDetails":[],"failureMessages":[],"fullName":"ApiClient Timeout and Retry Tests Other Error Types JSONパースエラーは適切に処理される","invocations":1,"location":null,"numPassingAsserts":2,"retryReasons":[],"status":"passed","title":"JSONパースエラーは適切に処理される"},{"ancestorTitles":["ApiClient Timeout and Retry Tests","Configuration"],"duration":1,"failureDetails":[],"failureMessages":[],"fullName":"ApiClient Timeout and Retry Tests Configuration API_CONFIG.TIMEOUTの値が正しく使用される","invocations":1,"location":null,"numPassingAsserts":2,"retryReasons":[],"status":"passed","title":"API_CONFIG.TIMEOUTの値が正しく使用される"}],"endTime":1754460821913,"message":"","name":"/mnt/c/Users/systena/hdb/HDBApp/__tests__/services/api/apiClient.timeout.test.ts","startTime":1754460818692,"status":"passed","summary":""},{"assertionResults":[{"ancestorTitles":["NotificationService","Singleton pattern"],"duration":250,"failureDetails":[],"failureMessages":[],"fullName":"NotificationService Singleton pattern returns the same instance","invocations":1,"location":null,"numPassingAsserts":1,"retryReasons":[],"status":"passed","title":"returns the same instance"},{"ancestorTitles":["NotificationService","initialize"],"duration":83,"failureDetails":[],"failureMessages":[],"fullName":"NotificationService initialize initializes successfully on iOS","invocations":1,"location":null,"numPassingAsserts":1,"retryReasons":[],"status":"passed","title":"initializes successfully on iOS"},{"ancestorTitles":["NotificationService","initialize"],"duration":2,"failureDetails":[],"failureMessages":[],"fullName":"NotificationService initialize initializes successfully on Android < 33","invocations":1,"location":null,"numPassingAsserts":1,"retryReasons":[],"status":"passed","title":"initializes successfully on Android < 33"},{"ancestorTitles":["NotificationService","initialize"],"duration":1,"failureDetails":[],"failureMessages":[],"fullName":"NotificationService initialize checks permission on Android >= 33","invocations":1,"location":null,"numPassingAsserts":1,"retryReasons":[],"status":"passed","title":"checks permission on Android >= 33"},{"ancestorTitles":["NotificationService","initialize"],"duration":3,"failureDetails":[],"failureMessages":[],"fullName":"NotificationService initialize disables notifications when permission denied on Android >= 33","invocations":1,"location":null,"numPassingAsserts":2,"retryReasons":[],"status":"passed","title":"disables notifications when permission denied on Android >= 33"},{"ancestorTitles":["NotificationService","checkNotificationPermission"],"duration":1,"failureDetails":[],"failureMessages":[],"fullName":"NotificationService checkNotificationPermission returns true on iOS","invocations":1,"location":null,"numPassingAsserts":1,"retryReasons":[],"status":"passed","title":"returns true on iOS"},{"ancestorTitles":["NotificationService","checkNotificationPermission"],"duration":1,"failureDetails":[],"failureMessages":[],"fullName":"NotificationService checkNotificationPermission returns true on Android < 33","invocations":1,"location":null,"numPassingAsserts":1,"retryReasons":[],"status":"passed","title":"returns true on Android < 33"},{"ancestorTitles":["NotificationService","checkNotificationPermission"],"duration":2,"failureDetails":[],"failureMessages":[],"fullName":"NotificationService checkNotificationPermission checks permission on Android >= 33","invocations":1,"location":null,"numPassingAsserts":2,"retryReasons":[],"status":"passed","title":"checks permission on Android >= 33"},{"ancestorTitles":["NotificationService","checkNotificationPermission"],"duration":2,"failureDetails":[],"failureMessages":[],"fullName":"NotificationService checkNotificationPermission handles permission check error","invocations":1,"location":null,"numPassingAsserts":1,"retryReasons":[],"status":"passed","title":"handles permission check error"},{"ancestorTitles":["NotificationService","requestPermission"],"duration":2,"failureDetails":[],"failureMessages":[],"fullName":"NotificationService requestPermission requests permission on Android >= 33","invocations":1,"location":null,"numPassingAsserts":2,"retryReasons":[],"status":"passed","title":"requests permission on Android >= 33"},{"ancestorTitles":["NotificationService","requestPermission"],"duration":1,"failureDetails":[],"failureMessages":[],"fullName":"NotificationService requestPermission returns true on Android < 33","invocations":1,"location":null,"numPassingAsserts":1,"retryReasons":[],"status":"passed","title":"returns true on Android < 33"},{"ancestorTitles":["NotificationService","requestPermission"],"duration":1,"failureDetails":[],"failureMessages":[],"fullName":"NotificationService requestPermission shows alert on iOS","invocations":1,"location":null,"numPassingAsserts":1,"retryReasons":[],"status":"passed","title":"shows alert on iOS"},{"ancestorTitles":["NotificationService","requestPermission"],"duration":1,"failureDetails":[],"failureMessages":[],"fullName":"NotificationService requestPermission handles permission request error on Android","invocations":1,"location":null,"numPassingAsserts":1,"retryReasons":[],"status":"passed","title":"handles permission request error on Android"},{"ancestorTitles":["NotificationService","getSettings"],"duration":1,"failureDetails":[],"failureMessages":[],"fullName":"NotificationService getSettings returns current settings","invocations":1,"location":null,"numPassingAsserts":5,"retryReasons":[],"status":"passed","title":"returns current settings"},{"ancestorTitles":["NotificationService","updateSettings"],"duration":1,"failureDetails":[],"failureMessages":[],"fullName":"NotificationService updateSettings updates settings and saves to storage","invocations":1,"location":null,"numPassingAsserts":3,"retryReasons":[],"status":"passed","title":"updates settings and saves to storage"},{"ancestorTitles":["NotificationService","scheduleNotification"],"duration":1,"failureDetails":[],"failureMessages":[],"fullName":"NotificationService scheduleNotification schedules notification with future time","invocations":1,"location":null,"numPassingAsserts":1,"retryReasons":[],"status":"passed","title":"schedules notification with future time"},{"ancestorTitles":["NotificationService","scheduleNotification"],"duration":0,"failureDetails":[],"failureMessages":[],"fullName":"NotificationService scheduleNotification does not schedule when notifications disabled","invocations":1,"location":null,"numPassingAsserts":1,"retryReasons":[],"status":"passed","title":"does not schedule when notifications disabled"},{"ancestorTitles":["NotificationService","sendImmediateNotification"],"duration":1,"failureDetails":[],"failureMessages":[],"fullName":"NotificationService sendImmediateNotification shows notification immediately","invocations":1,"location":null,"numPassingAsserts":1,"retryReasons":[],"status":"passed","title":"shows notification immediately"},{"ancestorTitles":["NotificationService","sendImmediateNotification"],"duration":0,"failureDetails":[],"failureMessages":[],"fullName":"NotificationService sendImmediateNotification uses native notification on Android","invocations":1,"location":null,"numPassingAsserts":1,"retryReasons":[],"status":"passed","title":"uses native notification on Android"},{"ancestorTitles":["NotificationService","sendImmediateNotification"],"duration":0,"failureDetails":[],"failureMessages":[],"fullName":"NotificationService sendImmediateNotification falls back to alert when native notification fails","invocations":1,"location":null,"numPassingAsserts":1,"retryReasons":[],"status":"passed","title":"falls back to alert when native notification fails"},{"ancestorTitles":["NotificationService","getNotificationHistory"],"duration":1,"failureDetails":[],"failureMessages":[],"fullName":"NotificationService getNotificationHistory returns notification history","invocations":1,"location":null,"numPassingAsserts":1,"retryReasons":[],"status":"passed","title":"returns notification history"},{"ancestorTitles":["NotificationService","clearNotificationHistory"],"duration":0,"failureDetails":[],"failureMessages":[],"fullName":"NotificationService clearNotificationHistory clears notification history","invocations":1,"location":null,"numPassingAsserts":1,"retryReasons":[],"status":"passed","title":"clears notification history"},{"ancestorTitles":["NotificationService","registerForPushNotifications"],"duration":1,"failureDetails":[],"failureMessages":[],"fullName":"NotificationService registerForPushNotifications returns mock device token","invocations":1,"location":null,"numPassingAsserts":1,"retryReasons":[],"status":"passed","title":"returns mock device token"},{"ancestorTitles":["NotificationService","sendPushNotification"],"duration":5,"failureDetails":[],"failureMessages":[],"fullName":"NotificationService sendPushNotification sends push notification with delay","invocations":1,"location":null,"numPassingAsserts":1,"retryReasons":[],"status":"passed","title":"sends push notification with delay"},{"ancestorTitles":["NotificationService","非同期処理の改善テスト","並行処理のテスト"],"duration":3,"failureDetails":[],"failureMessages":[],"fullName":"NotificationService 非同期処理の改善テスト 並行処理のテスト 複数の通知を同時にスケジュールできる","invocations":1,"location":null,"numPassingAsserts":1,"retryReasons":[],"status":"passed","title":"複数の通知を同時にスケジュールできる"},{"ancestorTitles":["NotificationService","非同期処理の改善テスト","並行処理のテスト"],"duration":1,"failureDetails":[],"failureMessages":[],"fullName":"NotificationService 非同期処理の改善テスト 並行処理のテスト 同時に複数の即時通知を送信できる","invocations":1,"location":null,"numPassingAsserts":1,"retryReasons":[],"status":"passed","title":"同時に複数の即時通知を送信できる"},{"ancestorTitles":["NotificationService","非同期処理の改善テスト","並行処理のテスト"],"duration":0,"failureDetails":[],"failureMessages":[],"fullName":"NotificationService 非同期処理の改善テスト 並行処理のテスト 設定更新と通知送信が競合しない","invocations":1,"location":null,"numPassingAsserts":1,"retryReasons":[],"status":"passed","title":"設定更新と通知送信が競合しない"},{"ancestorTitles":["NotificationService","非同期処理の改善テスト","タイムアウトとキャンセレーション"],"duration":2,"failureDetails":[],"failureMessages":[],"fullName":"NotificationService 非同期処理の改善テスト タイムアウトとキャンセレーション 長時間の遅延がある通知を処理できる","invocations":1,"location":null,"numPassingAsserts":1,"retryReasons":[],"status":"passed","title":"長時間の遅延がある通知を処理できる"},{"ancestorTitles":["NotificationService","非同期処理の改善テスト","タイムアウトとキャンセレーション"],"duration":1,"failureDetails":[],"failureMessages":[],"fullName":"NotificationService 非同期処理の改善テスト タイムアウトとキャンセレーション 権限リクエストのタイムアウトを適切に処理する","invocations":1,"location":null,"numPassingAsserts":1,"retryReasons":[],"status":"passed","title":"権限リクエストのタイムアウトを適切に処理する"},{"ancestorTitles":["NotificationService","非同期処理の改善テスト","エラー処理とリトライ"],"duration":1,"failureDetails":[{"message":"expect(received).resolves.not.toThrow()\n\nReceived promise rejected instead of resolved\nRejected to value: [Error: Storage error]"}],"failureMessages":["Error: expect(received).resolves.not.toThrow()\n\nReceived promise rejected instead of resolved\nRejected to value: [Error: Storage error]\n    at expect (/mnt/c/Users/systena/hdb/HDBApp/node_modules/expect/build/index.js:113:15)\n    at Object.expect (/mnt/c/Users/systena/hdb/HDBApp/__tests__/services/NotificationService.test.ts:471:15)\n    at Generator.next (<anonymous>)\n    at asyncGeneratorStep (/mnt/c/Users/systena/hdb/HDBApp/node_modules/@babel/runtime/helpers/asyncToGenerator.js:3:17)\n    at _next (/mnt/c/Users/systena/hdb/HDBApp/node_modules/@babel/runtime/helpers/asyncToGenerator.js:17:9)\n    at /mnt/c/Users/systena/hdb/HDBApp/node_modules/@babel/runtime/helpers/asyncToGenerator.js:22:7\n    at new Promise (<anonymous>)\n    at Object.<anonymous> (/mnt/c/Users/systena/hdb/HDBApp/node_modules/@babel/runtime/helpers/asyncToGenerator.js:14:12)\n    at Promise.then.completed (/mnt/c/Users/systena/hdb/HDBApp/node_modules/jest-circus/build/utils.js:298:28)\n    at new Promise (<anonymous>)\n    at callAsyncCircusFn (/mnt/c/Users/systena/hdb/HDBApp/node_modules/jest-circus/build/utils.js:231:10)\n    at _callCircusTest (/mnt/c/Users/systena/hdb/HDBApp/node_modules/jest-circus/build/run.js:316:40)\n    at processTicksAndRejections (node:internal/process/task_queues:105:5)\n    at _runTest (/mnt/c/Users/systena/hdb/HDBApp/node_modules/jest-circus/build/run.js:252:3)\n    at _runTestsForDescribeBlock (/mnt/c/Users/systena/hdb/HDBApp/node_modules/jest-circus/build/run.js:126:9)\n    at _runTestsForDescribeBlock (/mnt/c/Users/systena/hdb/HDBApp/node_modules/jest-circus/build/run.js:121:9)\n    at _runTestsForDescribeBlock (/mnt/c/Users/systena/hdb/HDBApp/node_modules/jest-circus/build/run.js:121:9)\n    at _runTestsForDescribeBlock (/mnt/c/Users/systena/hdb/HDBApp/node_modules/jest-circus/build/run.js:121:9)\n    at run (/mnt/c/Users/systena/hdb/HDBApp/node_modules/jest-circus/build/run.js:71:3)\n    at runAndTransformResultsToJestFormat (/mnt/c/Users/systena/hdb/HDBApp/node_modules/jest-circus/build/legacy-code-todo-rewrite/jestAdapterInit.js:122:21)\n    at jestAdapter (/mnt/c/Users/systena/hdb/HDBApp/node_modules/jest-circus/build/legacy-code-todo-rewrite/jestAdapter.js:79:19)\n    at runTestInternal (/mnt/c/Users/systena/hdb/HDBApp/node_modules/jest-runner/build/runTest.js:367:16)\n    at runTest (/mnt/c/Users/systena/hdb/HDBApp/node_modules/jest-runner/build/runTest.js:444:34)\n    at Object.worker (/mnt/c/Users/systena/hdb/HDBApp/node_modules/jest-runner/build/testWorker.js:106:12)"],"fullName":"NotificationService 非同期処理の改善テスト エラー処理とリトライ AsyncStorageエラー時のフォールバック","invocations":1,"location":null,"numPassingAsserts":0,"retryReasons":[],"status":"failed","title":"AsyncStorageエラー時のフォールバック"},{"ancestorTitles":["NotificationService","非同期処理の改善テスト","エラー処理とリトライ"],"duration":1,"failureDetails":[],"failureMessages":[],"fullName":"NotificationService 非同期処理の改善テスト エラー処理とリトライ ネイティブモジュールエラー時の graceful degradation","invocations":1,"location":null,"numPassingAsserts":1,"retryReasons":[],"status":"passed","title":"ネイティブモジュールエラー時の graceful degradation"},{"ancestorTitles":["NotificationService","非同期処理の改善テスト","エラー処理とリトライ"],"duration":2,"failureDetails":[{"matcherResult":{"message":"expect(jest.fn()).toHaveBeenCalledTimes(expected)\n\nExpected number of calls: 3\nReceived number of calls: 1","pass":false}}],"failureMessages":["Error: expect(jest.fn()).toHaveBeenCalledTimes(expected)\n\nExpected number of calls: 3\nReceived number of calls: 1\n    at Object.toHaveBeenCalledTimes (/mnt/c/Users/systena/hdb/HDBApp/__tests__/services/NotificationService.test.ts:505:38)\n    at Generator.next (<anonymous>)\n    at asyncGeneratorStep (/mnt/c/Users/systena/hdb/HDBApp/node_modules/@babel/runtime/helpers/asyncToGenerator.js:3:17)\n    at _next (/mnt/c/Users/systena/hdb/HDBApp/node_modules/@babel/runtime/helpers/asyncToGenerator.js:17:9)\n    at processTicksAndRejections (node:internal/process/task_queues:105:5)"],"fullName":"NotificationService 非同期処理の改善テスト エラー処理とリトライ 初期化の再試行メカニズム","invocations":1,"location":null,"numPassingAsserts":1,"retryReasons":[],"status":"failed","title":"初期化の再試行メカニズム"},{"ancestorTitles":["NotificationService","非同期処理の改善テスト","メモリリークとクリーンアップ"],"duration":6,"failureDetails":[],"failureMessages":[],"fullName":"NotificationService 非同期処理の改善テスト メモリリークとクリーンアップ 大量の通知履歴でもメモリリークしない","invocations":1,"location":null,"numPassingAsserts":1,"retryReasons":[],"status":"passed","title":"大量の通知履歴でもメモリリー
[...]
easons":[],"status":"passed","title":"renders correctly with main components"},{"ancestorTitles":["DataMigrationLoginScreen"],"duration":12,"failureDetails":[],"failureMessages":[],"fullName":"DataMigrationLoginScreen handles user input correctly","invocations":1,"location":null,"numPassingAsserts":2,"retryReasons":[],"status":"passed","title":"handles user input correctly"},{"ancestorTitles":["DataMigrationLoginScreen"],"duration":6,"failureDetails":[],"failureMessages":[],"fullName":"DataMigrationLoginScreen validates empty user ID","invocations":1,"location":null,"numPassingAsserts":1,"retryReasons":[],"status":"passed","title":"validates empty user ID"},{"ancestorTitles":["DataMigrationLoginScreen"],"duration":12,"failureDetails":[],"failureMessages":[],"fullName":"DataMigrationLoginScreen validates empty password","invocations":1,"location":null,"numPassingAsserts":1,"retryReasons":[],"status":"passed","title":"validates empty password"},{"ancestorTitles":["DataMigrationLoginScreen"],"duration":56,"failureDetails":[],"failureMessages":[],"fullName":"DataMigrationLoginScreen handles successful login with data","invocations":1,"location":null,"numPassingAsserts":3,"retryReasons":[],"status":"passed","title":"handles successful login with data"},{"ancestorTitles":["DataMigrationLoginScreen"],"duration":56,"failureDetails":[],"failureMessages":[],"fullName":"DataMigrationLoginScreen handles successful login without data","invocations":1,"location":null,"numPassingAsserts":1,"retryReasons":[],"status":"passed","title":"handles successful login without data"},{"ancestorTitles":["DataMigrationLoginScreen"],"duration":55,"failureDetails":[],"failureMessages":[],"fullName":"DataMigrationLoginScreen handles login failure","invocations":1,"location":null,"numPassingAsserts":1,"retryReasons":[],"status":"passed","title":"handles login failure"},{"ancestorTitles":["DataMigrationLoginScreen"],"duration":57,"failureDetails":[],"failureMessages":[],"fullName":"DataMigrationLoginScreen handles network error","invocations":1,"location":null,"numPassingAsserts":1,"retryReasons":[],"status":"passed","title":"handles network error"},{"ancestorTitles":["DataMigrationLoginScreen"],"duration":5,"failureDetails":[],"failureMessages":[],"fullName":"DataMigrationLoginScreen shows loading state during login","invocations":1,"location":null,"numPassingAsserts":1,"retryReasons":[],"status":"passed","title":"shows loading state during login"},{"ancestorTitles":["DataMigrationLoginScreen"],"duration":55,"failureDetails":[],"failureMessages":[],"fullName":"DataMigrationLoginScreen navigates to DataMigration screen on successful login with data","invocations":1,"location":null,"numPassingAsserts":2,"retryReasons":[],"status":"passed","title":"navigates to DataMigration screen on successful login with data"},{"ancestorTitles":["DataMigrationLoginScreen"],"duration":1,"failureDetails":[],"failureMessages":[],"fullName":"DataMigrationLoginScreen has secure text entry for password field","invocations":1,"location":null,"numPassingAsserts":1,"retryReasons":[],"status":"passed","title":"has secure text entry for password field"},{"ancestorTitles":["DataMigrationLoginScreen"],"duration":5,"failureDetails":[],"failureMessages":[],"fullName":"DataMigrationLoginScreen validates inputs with whitespace","invocations":1,"location":null,"numPassingAsserts":1,"retryReasons":[],"status":"passed","title":"validates inputs with whitespace"},{"ancestorTitles":["DataMigrationLoginScreen"],"duration":57,"failureDetails":[],"failureMessages":[],"fullName":"DataMigrationLoginScreen handles API response without data field","invocations":1,"location":null,"numPassingAsserts":1,"retryReasons":[],"status":"passed","title":"handles API response without data field"},{"ancestorTitles":["DataMigrationLoginScreen"],"duration":1,"failureDetails":[],"failureMessages":[],"fullName":"DataMigrationLoginScreen displays correct input labels and placeholders","invocations":1,"location":null,"numPassingAsserts":4,"retryReasons":[],"status":"passed","title":"displays correct input labels and placeholders"},{"ancestorTitles":["DataMigrationLoginScreen"],"duration":2,"failureDetails":[],"failureMessages":[],"fullName":"DataMigrationLoginScreen has correct input properties","invocations":1,"location":null,"numPassingAsserts":4,"retryReasons":[],"status":"passed","title":"has correct input properties"}],"endTime":1754460841631,"message":"","name":"/mnt/c/Users/systena/hdb/HDBApp/__tests__/screens/DataMigrationLoginScreen.test.tsx","startTime":1754460794075,"status":"passed","summary":""},{"assertionResults":[{"ancestorTitles":["VitalInputDialog"],"duration":21,"failureDetails":[],"failureMessages":[],"fullName":"VitalInputDialog renders correctly when visible","invocations":1,"location":null,"numPassingAsserts":4,"retryReasons":[],"status":"passed","title":"renders correctly when visible"},{"ancestorTitles":["VitalInputDialog"],"duration":2,"failureDetails":[],"failureMessages":[],"fullName":"VitalInputDialog does not render when not visible","invocations":1,"location":null,"numPassingAsserts":1,"retryReasons":[],"status":"passed","title":"does not render when not visible"},{"ancestorTitles":["VitalInputDialog"],"duration":5,"failureDetails":[],"failureMessages":[],"fullName":"VitalInputDialog calls onClose when cancel button is pressed","invocations":1,"location":null,"numPassingAsserts":1,"retryReasons":[],"status":"passed","title":"calls onClose when cancel button is pressed"},{"ancestorTitles":["VitalInputDialog"],"duration":7,"failureDetails":[],"failureMessages":[],"fullName":"VitalInputDialog calls onSave with input value when save button is pressed","invocations":1,"location":null,"numPassingAsserts":2,"retryReasons":[],"status":"passed","title":"calls onSave with input value when save button is pressed"},{"ancestorTitles":["VitalInputDialog"],"duration":25,"failureDetails":[],"failureMessages":[],"fullName":"VitalInputDialog updates input value when changed","invocations":1,"location":null,"numPassingAsserts":1,"retryReasons":[],"status":"passed","title":"updates input value when changed"},{"ancestorTitles":["VitalInputDialog"],"duration":6,"failureDetails":[],"failureMessages":[],"fullName":"VitalInputDialog displays current date and time","invocations":1,"location":null,"numPassingAsserts":2,"retryReasons":[],"status":"passed","title":"displays current date and time"},{"ancestorTitles":["VitalInputDialog"],"duration":4,"failureDetails":[],"failureMessages":[],"fullName":"VitalInputDialog handles modal backdrop press","invocations":1,"location":null,"numPassingAsserts":1,"retryReasons":[],"status":"passed","title":"handles modal backdrop press"},{"ancestorTitles":["VitalInputDialog"],"duration":5,"failureDetails":[],"failureMessages":[],"fullName":"VitalInputDialog initializes with empty value when initialValue is not provided","invocations":1,"location":null,"numPassingAsserts":1,"retryReasons":[],"status":"passed","title":"initializes with empty value when initialValue is not provided"},{"ancestorTitles":["VitalInputDialog"],"duration":8,"failureDetails":[],"failureMessages":[],"fullName":"VitalInputDialog displays correct title for different vital types","invocations":1,"location":null,"numPassingAsserts":2,"retryReasons":[],"status":"passed","title":"displays correct title for different vital types"},{"ancestorTitles":["VitalInputDialog"],"duration":5,"failureDetails":[],"failureMessages":[],"fullName":"VitalInputDialog uses numeric keyboard for input","invocations":1,"location":null,"numPassingAsserts":1,"retryReasons":[],"status":"passed","title":"uses numeric keyboard for input"}],"endTime":1754460841707,"message":"","name":"/mnt/c/Users/systena/hdb/HDBApp/__tests__/components/VitalInputDialog.test.tsx","startTime":1754460829544,"status":"passed","summary":""},{"assertionResults":[{"ancestorTitles":["LoginScreen"],"duration":3,"failureDetails":[],"failureMessages":[],"fullName":"LoginScreen renders login form correctly","invocations":1,"location":null,"numPassingAsserts":4,"retryReasons":[],"status":"passed","title":"renders login form correctly"},{"ancestorTitles":["LoginScreen"],"duration":1,"failureDetails":[],"failureMessages":[],"fullName":"LoginScreen updates input values when typing","invocations":1,"location":null,"numPassingAsserts":2,"retryReasons":[],"status":"passed","title":"updates input values when typing"},{"ancestorTitles":["LoginScreen"],"duration":2,"failureDetails":[],"failureMessages":[],"fullName":"LoginScreen shows validation errors for empty fields","invocations":1,"location":null,"numPassingAsserts":1,"retryReasons":[],"status":"passed","title":"shows validation errors for empty fields"},{"ancestorTitles":["LoginScreen"],"duration":4,"failureDetails":[],"failureMessages":[],"fullName":"LoginScreen shows validation error for empty password","invocations":1,"location":null,"numPassingAsserts":1,"retryReasons":[],"status":"passed","title":"shows validation error for empty password"},{"ancestorTitles":["LoginScreen"],"duration":2,"failureDetails":[],"failureMessages":[],"fullName":"LoginScreen calls login function with correct credentials","invocations":1,"location":null,"numPassingAsserts":1,"retryReasons":[],"status":"passed","title":"calls login function with correct credentials"},{"ancestorTitles":["LoginScreen"],"duration":1,"failureDetails":[],"failureMessages":[],"fullName":"LoginScreen navigates to Main screen on successful login","invocations":1,"location":null,"numPassingAsserts":1,"retryReasons":[],"status":"passed","title":"navigates to Main screen on successful login"},{"ancestorTitles":["LoginScreen"],"duration":1,"failureDetails":[],"failureMessages":[],"fullName":"LoginScreen shows error message on failed login","invocations":1,"location":null,"numPassingAsserts":1,"retryReasons":[],"status":"passed","title":"shows error message on failed login"},{"ancestorTitles":["LoginScreen"],"duration":1,"failureDetails":[],"failureMessages":[],"fullName":"LoginScreen handles login error exception","invocations":1,"location":null,"numPassingAsserts":2,"retryReasons":[],"status":"passed","title":"handles login error exception"},{"ancestorTitles":["LoginScreen","エラーハンドリングとエッジケース"],"duration":1,"failureDetails":[],"failureMessages":[],"fullName":"LoginScreen エラーハンドリングとエッジケース 特殊文字を含むユーザー名の処理","invocations":1,"location":null,"numPassingAsserts":1,"retryReasons":[],"status":"passed","title":"特殊文字を含むユーザー名の処理"},{"ancestorTitles":["LoginScreen","エラーハンドリングとエッジケース"],"duration":2,"failureDetails":[],"failureMessages":[],"fullName":"LoginScreen エラーハンドリングとエッジケース 非常に長いユーザー名とパスワードの処理","invocations":1,"location":null,"numPassingAsserts":1,"retryReasons":[],"status":"passed","title":"非常に長いユーザー名とパスワードの処理"},{"ancestorTitles":["LoginScreen","エラーハンドリングとエッジケース"],"duration":1,"failureDetails":[],"failureMessages":[],"fullName":"LoginScreen エラーハンドリングとエッジケース 空白文字のみの入力を検証","invocations":1,"location":null,"numPassingAsserts":1,"retryReasons":[],"status":"passed","title":"空白文字のみの入力を検証"},{"ancestorTitles":["LoginScreen","エラーハンドリングとエッジケース"],"duration":2,"failureDetails":[],"failureMessages":[],"fullName":"LoginScreen エラーハンドリングとエッジケース 連続したログイン試行の処理","invocations":1,"location":null,"numPassingAsserts":1,"retryReasons":[],"status":"passed","title":"連続したログイン試行の処理"},{"ancestorTitles":["LoginScreen","エラーハンドリングとエッジケース"],"duration":1,"failureDetails":[],"failureMessages":[],"fullName":"LoginScreen エラーハンドリングとエッジケース 日本語入力の処理","invocations":1,"location":null,"numPassingAsserts":1,"retryReasons":[],"status":"passed","title":"日本語入力の処理"},{"ancestorTitles":["LoginScreen","エラーハンドリングとエッジケース"],"duration":2,"failureDetails":[],"failureMessages":[],"fullName":"LoginScreen エラーハンドリングとエッジケース SQLインジェクション対策の確認","invocations":1,"location":null,"numPassingAsserts":1,"retryReasons":[],"status":"passed","title":"SQLインジェクション対策の確認"},{"ancestorTitles":["LoginScreen","エラーハンドリングとエッジケース"],"duration":3,"failureDetails":[],"failureMessages":[],"fullName":"LoginScreen エラーハンドリングとエッジケース XSS攻撃対策の確認","invocations":1,"location":null,"numPassingAsserts":1,"retryReasons":[],"status":"passed","title":"XSS攻撃対策の確認"},{"ancestorTitles":["LoginScreen","エラーハンドリングとエッジケース"],"duration":2,"failureDetails":[{}],"failureMessages":["TypeError: useAuthMock.mockReturnValueOnce is not a function\n    at Object.mockReturnValueOnce (/mnt/c/Users/systena/hdb/HDBApp/__tests__/screens/LoginScreen.test.tsx:384:19)\n    at Generator.next (<anonymous>)\n    at asyncGeneratorStep (/mnt/c/Users/systena/hdb/HDBApp/node_modules/@babel/runtime/helpers/asyncToGenerator.js:3:17)\n    at _next (/mnt/c/Users/systena/hdb/HDBApp/node_modules/@babel/runtime/helpers/asyncToGenerator.js:17:9)\n    at /mnt/c/Users/systena/hdb/HDBApp/node_modules/@babel/runtime/helpers/asyncToGenerator.js:22:7\n    at new Promise (<anonymous>)\n    at Object.<anonymous> (/mnt/c/Users/systena/hdb/HDBApp/node_modules/@babel/runtime/helpers/asyncToGenerator.js:14:12)\n    at Promise.then.completed (/mnt/c/Users/systena/hdb/HDBApp/node_modules/jest-circus/build/utils.js:298:28)\n    at new Promise (<anonymous>)\n    at callAsyncCircusFn (/mnt/c/Users/systena/hdb/HDBApp/node_modules/jest-circus/build/utils.js:231:10)\n    at _callCircusTest (/mnt/c/Users/systena/hdb/HDBApp/node_modules/jest-circus/build/run.js:316:40)\n    at _runTest (/mnt/c/Users/systena/hdb/HDBApp/node_modules/jest-circus/build/run.js:252:3)\n    at _runTestsForDescribeBlock (/mnt/c/Users/systena/hdb/HDBApp/node_modules/jest-circus/build/run.js:126:9)\n    at _runTestsForDescribeBlock (/mnt/c/Users/systena/hdb/HDBApp/node_modules/jest-circus/build/run.js:121:9)\n    at _runTestsForDescribeBlock (/mnt/c/Users/systena/hdb/HDBApp/node_modules/jest-circus/build/run.js:121:9)\n    at run (/mnt/c/Users/systena/hdb/HDBApp/node_modules/jest-circus/build/run.js:71:3)\n    at runAndTransformResultsToJestFormat (/mnt/c/Users/systena/hdb/HDBApp/node_modules/jest-circus/build/legacy-code-todo-rewrite/jestAdapterInit.js:122:21)\n    at jestAdapter (/mnt/c/Users/systena/hdb/HDBApp/node_modules/jest-circus/build/legacy-code-todo-rewrite/jestAdapter.js:79:19)\n    at runTestInternal (/mnt/c/Users/systena/hdb/HDBApp/node_modules/jest-runner/build/runTest.js:367:16)\n    at runTest (/mnt/c/Users/systena/hdb/HDBApp/node_modules/jest-runner/build/runTest.js:444:34)\n    at Object.worker (/mnt/c/Users/systena/hdb/HDBApp/node_modules/jest-runner/build/testWorker.js:106:12)"],"fullName":"LoginScreen エラーハンドリングとエッジケース ネットワークエラー時の処理","invocations":1,"location":null,"numPassingAsserts":0,"retryReasons":[],"status":"failed","title":"ネットワークエラー時の処理"},{"ancestorTitles":["LoginScreen","エラーハンドリングとエッジケース"],"duration":1,"failureDetails":[{}],"failureMessages":["TypeError: useAuthMock.mockReturnValueOnce is not a function\n    at Object.mockReturnValueOnce (/mnt/c/Users/systena/hdb/HDBApp/__tests__/screens/LoginScreen.test.tsx:408:19)\n    at Generator.next (<anonymous>)\n    at asyncGeneratorStep (/mnt/c/Users/systena/hdb/HDBApp/node_modules/@babel/runtime/helpers/asyncToGenerator.js:3:17)\n    at _next (/mnt/c/Users/systena/hdb/HDBApp/node_modules/@babel/runtime/helpers/asyncToGenerator.js:17:9)\n    at /mnt/c/Users/systena/hdb/HDBApp/node_modules/@babel/runtime/helpers/asyncToGenerator.js:22:7\n    at new Promise (<anonymous>)\n    at Object.<anonymous> (/mnt/c/Users/systena/hdb/HDBApp/node_modules/@babel/runtime/helpers/asyncToGenerator.js:14:12)\n    at Promise.then.completed (/mnt/c/Users/systena/hdb/HDBApp/node_modules/jest-circus/build/utils.js:298:28)\n    at new Promise (<anonymous>)\n    at callAsyncCircusFn (/mnt/c/Users/systena/hdb/HDBApp/node_modules/jest-circus/build/utils.js:231:10)\n    at _callCircusTest (/mnt/c/Users/systena/hdb/HDBApp/node_modules/jest-circus/build/run.js:316:40)\n    at _runTest (/mnt/c/Users/systena/hdb/HDBApp/node_modules/jest-circus/build/run.js:252:3)\n    at _runTestsForDescribeBlock (/mnt/c/Users/systena/hdb/HDBApp/node_modules/jest-circus/build/run.js:126:9)\n    at _runTestsForDescribeBlock (/mnt/c/Users/systena/hdb/HDBApp/node_modules/jest-circus/build/run.js:121:9)\n    at _runTestsForDescribeBlock (/mnt/c/Users/systena/hdb/HDBApp/node_modules/jest-circus/build/run.js:121:9)\n    at run (/mnt/c/Users/systena/hdb/HDBApp/node_modules/jest-circus/build/run.js:71:3)\n    at runAndTransformResultsToJestFormat (/mnt/c/Users/systena/hdb/HDBApp/node_modules/jest-circus/build/legacy-code-todo-rewrite/jestAdapterInit.js:122:21)\n    at jestAdapter (/mnt/c/Users/systena/hdb/HDBApp/node_modules/jest-circus/build/legacy-code-todo-rewrite/jestAdapter.js:79:19)\n    at runTestInternal (/mnt/c/Users/systena/hdb/HDBApp/node_modules/jest-runner/build/runTest.js:367:16)\n    at runTest (/mnt/c/Users/systena/hdb/HDBApp/node_modules/jest-runner/build/runTest.js:444:34)\n    at Object.worker (/mnt/c/Users/systena/hdb/HDBApp/node_modules/jest-runner/build/testWorker.js:106:12)"],"fullName":"LoginScreen エラーハンドリングとエッジケース 認証タイムアウトの処理","invocations":1,"location":null,"numPassingAsserts":0,"retryReasons":[],"status":"failed","title":"認証タイムアウトの処理"},{"ancestorTitles":["LoginScreen","エラーハンドリングとエッジケース"],"duration":1,"failureDetails":[],"failureMessages":[],"fullName":"LoginScreen エラーハンドリングとエッジケース メモリリーク防止の確認","invocations":1,"location":null,"numPassingAsserts":2,"retryReasons":[],"status":"passed","title":"メモリリーク防止の確認"},{"ancestorTitles":["LoginScreen","アクセシビリティ"],"duration":1,"failureDetails":[],"failureMessages":[],"fullName":"LoginScreen アクセシビリティ スクリーンリーダー用のラベルが設定されている","invocations":1,"location":null,"numPassingAsserts":3,"retryReasons":[],"status":"passed","title":"スクリーンリーダー用のラベルが設定されている"},{"ancestorTitles":["LoginScreen","パフォーマンス"],"duration":20,"failureDetails":[],"failureMessages":[],"fullName":"LoginScreen パフォーマンス 大量の文字入力でもパフォーマンスが劣化しない","invocations":1,"location":null,"numPassingAsserts":1,"retryReasons":[],"status":"passed","title":"大量の文字入力でもパフォーマンスが劣化しない"}],"endTime":1754460847937,"message":"  ● LoginScreen › エラーハンドリングとエッジケース › ネットワークエラー時の処理\n\n    TypeError: useAuthMock.mockReturnValueOnce is not a function\n\n      382 |       // useAuthフックをモックして、エラー状態を返す\n      383 |       const useAuthMock = require('../../src/hooks/useAuth').useAuth;\n    > 384 |       useAuthMock.mockReturnValueOnce({\n          |                   ^\n      385 |         login: jest.fn().mockRejectedValue(new Error('Network error')),\n      386 |         isLoading: false,\n      387 |         error: 'ネットワークエラーが発生しました',\n\n      at Object.mockReturnValueOnce (__tests__/screens/LoginScreen.test.tsx:384:19)\n      at asyncGeneratorStep (node_modules/@babel/runtime/helpers/asyncToGenerator.js:3:17)\n      at _next (node_modules/@babel/runtime/helpers/asyncToGenerator.js:17:9)\n      at node_modules/@babel/runtime/helpers/asyncToGenerator.js:22:7\n      at Object.<anonymous> (node_modules/@babel/runtime/helpers/asyncToGenerator.js:14:12)\n\n  ● LoginScreen › エラーハンドリングとエッジケース › 認証タイムアウトの処理\n\n    TypeError: useAuthMock.mockReturnValueOnce is not a function\n\n      406 |     it('認証タイムアウトの処理', async () => {\n      407 |       const useAuthMock = require('../../src/hooks/useAuth').useAuth;\n    > 408 |       useAuthMock.mockReturnValueOnce({\n          |                   ^\n      409 |         login: jest.fn().mockImplementation(() => {\n      410 |           return new Promise((resolve, reject) => {\n      411 |             setTimeout(() => reject(new Error('Timeout')), 5000);\n\n      at Object.mockReturnValueOnce (__tests__/screens/LoginScreen.test.tsx:408:19)\n      at asyncGeneratorStep (node_modules/@babel/runtime/helpers/asyncToGenerator.js:3:17)\n      at _next (node_modules/@babel/runtime/helpers/asyncToGenerator.js:17:9)\n      at node_modules/@babel/runtime/helpers/asyncToGenerator.js:22:7\n      at Object.<anonymous> (node_modules/@babel/runtime/helpers/asyncToGenerator.js:14:12)\n","name":"/mnt/c/Users/systena/hdb/HDBApp/__tests__/screens/LoginScreen.test.tsx","startTime":1754460832417,"status":"failed","summary":""}],"wasInterrupted":false}
